<?xml version="1.0" encoding="UTF-8"?>
<testsuite name="Cucumber" time="35.675" tests="1" skipped="0" failures="1" errors="0">
<testcase classname="Careers page functionality" name="Verify Applying for the Sales Specialist Position" time="35.321">
<failure type="org.openqa.selenium.TimeoutException" message="Expected condition failed: waiting for visibility of element located by By.xpath: //div[contains(@class, 'ResponseMessages_container__wVOwE')]//h1[contains(text(), 'Success')] (tried for 10 second(s) with 500 milliseconds interval)
Build info: version: '4.11.0', revision: '040bc5406b'
System info: os.name: 'Linux', os.arch: 'amd64', os.version: '5.15.0-83-generic', java.version: '11.0.20.1'
Driver info: org.openqa.selenium.chrome.ChromeDriver
Capabilities {acceptInsecureCerts: false, browserName: chrome, browserVersion: 116.0.5845.179, chrome: {chromedriverVersion: 116.0.5845.179 (17ff023f3eb..., userDataDir: /tmp/.org.chromium.Chromium...}, fedcm:accounts: true, goog:chromeOptions: {debuggerAddress: localhost:32839}, networkConnectionEnabled: false, pageLoadStrategy: normal, platformName: linux, proxy: Proxy(), se:cdp: ws://localhost:32839/devtoo..., se:cdpVersion: 116.0.5845.179, setWindowRect: true, strictFileInteractability: false, timeouts: {implicit: 0, pageLoad: 300000, script: 30000}, unhandledPromptBehavior: dismiss and notify, webauthn:extension:credBlob: true, webauthn:extension:largeBlob: true, webauthn:extension:minPinLength: true, webauthn:extension:prf: true, webauthn:virtualAuthenticators: true}
Session ID: 0d1e311eff117ddbe2f7f8b4b407ce78">
<![CDATA[org.openqa.selenium.TimeoutException: Expected condition failed: waiting for visibility of element located by By.xpath: //div[contains(@class, 'ResponseMessages_container__wVOwE')]//h1[contains(text(), 'Success')] (tried for 10 second(s) with 500 milliseconds interval)
Build info: version: '4.11.0', revision: '040bc5406b'
System info: os.name: 'Linux', os.arch: 'amd64', os.version: '5.15.0-83-generic', java.version: '11.0.20.1'
Driver info: org.openqa.selenium.chrome.ChromeDriver
Capabilities {acceptInsecureCerts: false, browserName: chrome, browserVersion: 116.0.5845.179, chrome: {chromedriverVersion: 116.0.5845.179 (17ff023f3eb..., userDataDir: /tmp/.org.chromium.Chromium...}, fedcm:accounts: true, goog:chromeOptions: {debuggerAddress: localhost:32839}, networkConnectionEnabled: false, pageLoadStrategy: normal, platformName: linux, proxy: Proxy(), se:cdp: ws://localhost:32839/devtoo..., se:cdpVersion: 116.0.5845.179, setWindowRect: true, strictFileInteractability: false, timeouts: {implicit: 0, pageLoad: 300000, script: 30000}, unhandledPromptBehavior: dismiss and notify, webauthn:extension:credBlob: true, webauthn:extension:largeBlob: true, webauthn:extension:minPinLength: true, webauthn:extension:prf: true, webauthn:virtualAuthenticators: true}
Session ID: 0d1e311eff117ddbe2f7f8b4b407ce78
	at org.openqa.selenium.support.ui.WebDriverWait.timeoutException(WebDriverWait.java:84)
	at org.openqa.selenium.support.ui.FluentWait.until(FluentWait.java:230)
	at PageObject.Careers.successMessage(Careers.java:119)
	at StepDefinitions.CareersSteps.verify_successful_message(CareersSteps.java:43)
	at âœ½.I should see the succses message "Success"(file:///home/david/Desktop/Tesvan_Project/TesvanProject/src/test/features/Careers.feature:33)
]]>
</failure>
<system-out><![CDATA[
Given Home page is open.....................................................passed
Given The modal is closed...................................................passed
When I hover over the "Company" section in the menu bar.....................passed
And I click on the "Careers" button from dropdown...........................passed
Then I see that the page URL should be contain the "/company/careers".......passed
And I "scroolDown" the page.................................................passed
When I click on the "More_Details" button...................................passed
Then I see that the page URL should be contain the "/company/careers/sales_specialist".passed
When I "scrool_down" the page...............................................passed
And I fill in "fullName_" field with "nameTest" value.......................passed
And I fill in "email_" field with "test@test.com" value.....................passed
And I fill in "phone_" field with "12345678910" value.......................passed
And I click on the "upload" button..........................................passed
And I attach file...........................................................passed
And I check the I agree to checkbox from Careers............................passed
And I click on the "Apply" button...........................................passed
Then I should see the succses message "Success".............................failed
]]></system-out>
</testcase>
</testsuite>
