{"uuid":"01e4417f-1ece-4e05-8730-2780c05ef693","historyId":"74c26a8f78b31eec1679f2030889cb5c","fullName":"src/test/features/Careers.feature:16","labels":[{"name":"tag","value":"test"},{"name":"host","value":"david"},{"name":"thread","value":"5653@david.main(1)"},{"name":"feature","value":"Careers page functionality"},{"name":"story","value":"Verify Applying for the Sales Specialist Position"},{"name":"suite","value":"Careers page functionality"},{"name":"testClass","value":"Verify Applying for the Sales Specialist Position"},{"name":"framework","value":"cucumber4jvm"},{"name":"language","value":"java"},{"name":"gherkin_uri","value":"file:///home/david/Desktop/Tesvan_Project/TesvanProject/src/test/features/Careers.feature"},{"name":"package","value":"src.test.features.Careers_feature.Careers page functionality"}],"links":[],"name":"Verify Applying for the Sales Specialist Position","status":"broken","statusDetails":{"known":false,"muted":false,"flaky":false,"message":"Unable to locate element: /html[1]/body[1]/div[1]/div[2]/div[1]/div[1]\nFor documentation on this error, please visit: https://www.selenium.dev/documentation/webdriver/troubleshooting/errors#no-such-element-exception\nBuild info: version: '4.11.0', revision: '040bc5406b'\nSystem info: os.name: 'Linux', os.arch: 'amd64', os.version: '5.15.0-83-generic', java.version: '11.0.20.1'\nDriver info: org.openqa.selenium.firefox.FirefoxDriver\nCommand: [34cbf5e9-7e0d-40d6-a8b2-c0fc806a6e44, findElement {using=xpath, value=/html[1]/body[1]/div[1]/div[2]/div[1]/div[1]}]\nCapabilities {acceptInsecureCerts: true, browserName: firefox, browserVersion: 117.0, moz:accessibilityChecks: false, moz:buildID: 20230824132758, moz:debuggerAddress: 127.0.0.1:26266, moz:geckodriverVersion: 0.33.0, moz:headless: false, moz:platformVersion: 5.15.0-83-generic, moz:processID: 5696, moz:profile: /tmp/rust_mozprofile0vqoj0, moz:shutdownTimeout: 60000, moz:webdriverClick: true, moz:windowless: false, pageLoadStrategy: normal, platformName: linux, proxy: Proxy(), se:cdp: ws://127.0.0.1:26266/devtoo..., se:cdpVersion: 85.0, setWindowRect: true, strictFileInteractability: false, timeouts: {implicit: 0, pageLoad: 300000, script: 30000}, unhandledPromptBehavior: dismiss and notify}\nSession ID: 34cbf5e9-7e0d-40d6-a8b2-c0fc806a6e44","trace":"org.openqa.selenium.NoSuchElementException: Unable to locate element: /html[1]/body[1]/div[1]/div[2]/div[1]/div[1]\nFor documentation on this error, please visit: https://www.selenium.dev/documentation/webdriver/troubleshooting/errors#no-such-element-exception\nBuild info: version: '4.11.0', revision: '040bc5406b'\nSystem info: os.name: 'Linux', os.arch: 'amd64', os.version: '5.15.0-83-generic', java.version: '11.0.20.1'\nDriver info: org.openqa.selenium.firefox.FirefoxDriver\nCommand: [34cbf5e9-7e0d-40d6-a8b2-c0fc806a6e44, findElement {using=xpath, value=/html[1]/body[1]/div[1]/div[2]/div[1]/div[1]}]\nCapabilities {acceptInsecureCerts: true, browserName: firefox, browserVersion: 117.0, moz:accessibilityChecks: false, moz:buildID: 20230824132758, moz:debuggerAddress: 127.0.0.1:26266, moz:geckodriverVersion: 0.33.0, moz:headless: false, moz:platformVersion: 5.15.0-83-generic, moz:processID: 5696, moz:profile: /tmp/rust_mozprofile0vqoj0, moz:shutdownTimeout: 60000, moz:webdriverClick: true, moz:windowless: false, pageLoadStrategy: normal, platformName: linux, proxy: Proxy(), se:cdp: ws://127.0.0.1:26266/devtoo..., se:cdpVersion: 85.0, setWindowRect: true, strictFileInteractability: false, timeouts: {implicit: 0, pageLoad: 300000, script: 30000}, unhandledPromptBehavior: dismiss and notify}\nSession ID: 34cbf5e9-7e0d-40d6-a8b2-c0fc806a6e44\n\tat java.base/jdk.internal.reflect.NativeConstructorAccessorImpl.newInstance0(Native Method)\n\tat java.base/jdk.internal.reflect.NativeConstructorAccessorImpl.newInstance(NativeConstructorAccessorImpl.java:62)\n\tat java.base/jdk.internal.reflect.DelegatingConstructorAccessorImpl.newInstance(DelegatingConstructorAccessorImpl.java:45)\n\tat java.base/java.lang.reflect.Constructor.newInstance(Constructor.java:490)\n\tat org.openqa.selenium.remote.codec.w3c.W3CHttpResponseCodec.createException(W3CHttpResponseCodec.java:200)\n\tat org.openqa.selenium.remote.codec.w3c.W3CHttpResponseCodec.decode(W3CHttpResponseCodec.java:133)\n\tat org.openqa.selenium.remote.codec.w3c.W3CHttpResponseCodec.decode(W3CHttpResponseCodec.java:52)\n\tat org.openqa.selenium.remote.HttpCommandExecutor.execute(HttpCommandExecutor.java:191)\n\tat org.openqa.selenium.remote.service.DriverCommandExecutor.invokeExecute(DriverCommandExecutor.java:196)\n\tat org.openqa.selenium.remote.service.DriverCommandExecutor.execute(DriverCommandExecutor.java:171)\n\tat org.openqa.selenium.remote.RemoteWebDriver.execute(RemoteWebDriver.java:518)\n\tat org.openqa.selenium.remote.ElementLocation$ElementFinder$2.findElement(ElementLocation.java:165)\n\tat org.openqa.selenium.remote.ElementLocation.findElement(ElementLocation.java:59)\n\tat org.openqa.selenium.remote.RemoteWebDriver.findElement(RemoteWebDriver.java:355)\n\tat org.openqa.selenium.remote.RemoteWebDriver.findElement(RemoteWebDriver.java:349)\n\tat PageObject.HomePage.homePageOpens(HomePage.java:29)\n\tat StepDefinitions.HomePageSteps.home_page_is_open(HomePageSteps.java:20)\n\tat ✽.Home page is open(file:///home/david/Desktop/Tesvan_Project/TesvanProject/src/test/features/Careers.feature:5)\n"},"stage":"finished","steps":[{"name":"Given  Home page is open","status":"broken","statusDetails":{"known":false,"muted":false,"flaky":false,"message":"Unable to locate element: /html[1]/body[1]/div[1]/div[2]/div[1]/div[1]\nFor documentation on this error, please visit: https://www.selenium.dev/documentation/webdriver/troubleshooting/errors#no-such-element-exception\nBuild info: version: '4.11.0', revision: '040bc5406b'\nSystem info: os.name: 'Linux', os.arch: 'amd64', os.version: '5.15.0-83-generic', java.version: '11.0.20.1'\nDriver info: org.openqa.selenium.firefox.FirefoxDriver\nCommand: [34cbf5e9-7e0d-40d6-a8b2-c0fc806a6e44, findElement {using=xpath, value=/html[1]/body[1]/div[1]/div[2]/div[1]/div[1]}]\nCapabilities {acceptInsecureCerts: true, browserName: firefox, browserVersion: 117.0, moz:accessibilityChecks: false, moz:buildID: 20230824132758, moz:debuggerAddress: 127.0.0.1:26266, moz:geckodriverVersion: 0.33.0, moz:headless: false, moz:platformVersion: 5.15.0-83-generic, moz:processID: 5696, moz:profile: /tmp/rust_mozprofile0vqoj0, moz:shutdownTimeout: 60000, moz:webdriverClick: true, moz:windowless: false, pageLoadStrategy: normal, platformName: linux, proxy: Proxy(), se:cdp: ws://127.0.0.1:26266/devtoo..., se:cdpVersion: 85.0, setWindowRect: true, strictFileInteractability: false, timeouts: {implicit: 0, pageLoad: 300000, script: 30000}, unhandledPromptBehavior: dismiss and notify}\nSession ID: 34cbf5e9-7e0d-40d6-a8b2-c0fc806a6e44","trace":"org.openqa.selenium.NoSuchElementException: Unable to locate element: /html[1]/body[1]/div[1]/div[2]/div[1]/div[1]\nFor documentation on this error, please visit: https://www.selenium.dev/documentation/webdriver/troubleshooting/errors#no-such-element-exception\nBuild info: version: '4.11.0', revision: '040bc5406b'\nSystem info: os.name: 'Linux', os.arch: 'amd64', os.version: '5.15.0-83-generic', java.version: '11.0.20.1'\nDriver info: org.openqa.selenium.firefox.FirefoxDriver\nCommand: [34cbf5e9-7e0d-40d6-a8b2-c0fc806a6e44, findElement {using=xpath, value=/html[1]/body[1]/div[1]/div[2]/div[1]/div[1]}]\nCapabilities {acceptInsecureCerts: true, browserName: firefox, browserVersion: 117.0, moz:accessibilityChecks: false, moz:buildID: 20230824132758, moz:debuggerAddress: 127.0.0.1:26266, moz:geckodriverVersion: 0.33.0, moz:headless: false, moz:platformVersion: 5.15.0-83-generic, moz:processID: 5696, moz:profile: /tmp/rust_mozprofile0vqoj0, moz:shutdownTimeout: 60000, moz:webdriverClick: true, moz:windowless: false, pageLoadStrategy: normal, platformName: linux, proxy: Proxy(), se:cdp: ws://127.0.0.1:26266/devtoo..., se:cdpVersion: 85.0, setWindowRect: true, strictFileInteractability: false, timeouts: {implicit: 0, pageLoad: 300000, script: 30000}, unhandledPromptBehavior: dismiss and notify}\nSession ID: 34cbf5e9-7e0d-40d6-a8b2-c0fc806a6e44\n\tat java.base/jdk.internal.reflect.NativeConstructorAccessorImpl.newInstance0(Native Method)\n\tat java.base/jdk.internal.reflect.NativeConstructorAccessorImpl.newInstance(NativeConstructorAccessorImpl.java:62)\n\tat java.base/jdk.internal.reflect.DelegatingConstructorAccessorImpl.newInstance(DelegatingConstructorAccessorImpl.java:45)\n\tat java.base/java.lang.reflect.Constructor.newInstance(Constructor.java:490)\n\tat org.openqa.selenium.remote.codec.w3c.W3CHttpResponseCodec.createException(W3CHttpResponseCodec.java:200)\n\tat org.openqa.selenium.remote.codec.w3c.W3CHttpResponseCodec.decode(W3CHttpResponseCodec.java:133)\n\tat org.openqa.selenium.remote.codec.w3c.W3CHttpResponseCodec.decode(W3CHttpResponseCodec.java:52)\n\tat org.openqa.selenium.remote.HttpCommandExecutor.execute(HttpCommandExecutor.java:191)\n\tat org.openqa.selenium.remote.service.DriverCommandExecutor.invokeExecute(DriverCommandExecutor.java:196)\n\tat org.openqa.selenium.remote.service.DriverCommandExecutor.execute(DriverCommandExecutor.java:171)\n\tat org.openqa.selenium.remote.RemoteWebDriver.execute(RemoteWebDriver.java:518)\n\tat org.openqa.selenium.remote.ElementLocation$ElementFinder$2.findElement(ElementLocation.java:165)\n\tat org.openqa.selenium.remote.ElementLocation.findElement(ElementLocation.java:59)\n\tat org.openqa.selenium.remote.RemoteWebDriver.findElement(RemoteWebDriver.java:355)\n\tat org.openqa.selenium.remote.RemoteWebDriver.findElement(RemoteWebDriver.java:349)\n\tat PageObject.HomePage.homePageOpens(HomePage.java:29)\n\tat StepDefinitions.HomePageSteps.home_page_is_open(HomePageSteps.java:20)\n\tat ✽.Home page is open(file:///home/david/Desktop/Tesvan_Project/TesvanProject/src/test/features/Careers.feature:5)\n"},"stage":"finished","steps":[],"attachments":[],"parameters":[],"start":1694331019803,"stop":1694331100624},{"name":"Given  The modal is closed","status":"skipped","statusDetails":{"known":false,"muted":false,"flaky":false},"stage":"finished","steps":[],"attachments":[],"parameters":[],"start":1694331100626,"stop":1694331100631},{"name":"When  I hover over the \"Company\" section in the menu bar","status":"skipped","statusDetails":{"known":false,"muted":false,"flaky":false},"stage":"finished","steps":[],"attachments":[],"parameters":[],"start":1694331100632,"stop":1694331100634},{"name":"And  I click on the \"Careers\" button from dropdown","status":"skipped","statusDetails":{"known":false,"muted":false,"flaky":false},"stage":"finished","steps":[],"attachments":[],"parameters":[],"start":1694331100640,"stop":1694331100641},{"name":"And  I scrool down page on Careers section","status":"skipped","statusDetails":{"known":false,"muted":false,"flaky":false},"stage":"finished","steps":[],"attachments":[],"parameters":[],"start":1694331100642,"stop":1694331100643},{"name":"Then  I should see \"Sales_Specialist\" open position","status":"skipped","statusDetails":{"known":false,"muted":false,"flaky":false},"stage":"finished","steps":[],"attachments":[],"parameters":[],"start":1694331100644,"stop":1694331100645},{"name":"When  I click on the \"More_Details\" button","status":"skipped","statusDetails":{"known":false,"muted":false,"flaky":false},"stage":"finished","steps":[],"attachments":[],"parameters":[],"start":1694331100647,"stop":1694331100648},{"name":"Then  I see that the page URL should be contain the \"/company/careers/sales_specialist\"","status":"skipped","statusDetails":{"known":false,"muted":false,"flaky":false},"stage":"finished","steps":[],"attachments":[],"parameters":[],"start":1694331100650,"stop":1694331100653},{"name":"When  I click on the \"ScroolDown\" button","status":"skipped","statusDetails":{"known":false,"muted":false,"flaky":false},"stage":"finished","steps":[],"attachments":[],"parameters":[],"start":1694331100655,"stop":1694331100656},{"name":"And  I fill in \"full_name\" field with \"nameTest\" value","status":"skipped","statusDetails":{"known":false,"muted":false,"flaky":false},"stage":"finished","steps":[],"attachments":[],"parameters":[],"start":1694331100659,"stop":1694331100660},{"name":"And  I fill in \"e_mail\" field with \"test@test.com\" value","status":"skipped","statusDetails":{"known":false,"muted":false,"flaky":false},"stage":"finished","steps":[],"attachments":[],"parameters":[],"start":1694331100661,"stop":1694331100663},{"name":"And  I fill in \"phone\" field with \"12345678910\" value","status":"skipped","statusDetails":{"known":false,"muted":false,"flaky":false},"stage":"finished","steps":[],"attachments":[],"parameters":[],"start":1694331100665,"stop":1694331100667},{"name":"And  I check the I agree to checkbox","status":"skipped","statusDetails":{"known":false,"muted":false,"flaky":false},"stage":"finished","steps":[],"attachments":[],"parameters":[],"start":1694331100669,"stop":1694331100670},{"name":"And  I click on the \"Apply\" button","status":"skipped","statusDetails":{"known":false,"muted":false,"flaky":false},"stage":"finished","steps":[],"attachments":[],"parameters":[],"start":1694331100671,"stop":1694331100673},{"name":"Then  I should see the succsessfuly message \".\"","status":"skipped","statusDetails":{"known":false,"muted":false,"flaky":false},"stage":"finished","steps":[],"attachments":[],"parameters":[],"start":1694331100674,"stop":1694331100676}],"attachments":[],"parameters":[],"start":1694331014762,"stop":1694331101890}