{"uuid":"10ea3ae6-08f9-4456-8a74-161064b986a6","historyId":"882e5a0f8329582bf310c653248ddda8","fullName":"src/test/features/Contacts.feature:13","labels":[{"name":"tag","value":"test"},{"name":"host","value":"david"},{"name":"thread","value":"76015@david.main(1)"},{"name":"feature","value":"As A user I want to send message"},{"name":"story","value":"Send a message with valid data"},{"name":"suite","value":"As A user I want to send message"},{"name":"testClass","value":"Send a message with valid data"},{"name":"framework","value":"cucumber4jvm"},{"name":"language","value":"java"},{"name":"gherkin_uri","value":"file:///home/david/Desktop/Tesvan_Project/TesvanProject/src/test/features/Contacts.feature"},{"name":"package","value":"src.test.features.Contacts_feature.As A user I want to send message"}],"links":[],"name":"Send a message with valid data","status":"broken","statusDetails":{"known":false,"muted":false,"flaky":false,"message":"Expected condition failed: waiting for visibility of element located by By.xpath: /html[1]/body[1]/div[1]/div[9]/div[1]/div[1]/div[1]/div[1]/div[1]/div[3]/p[1][contains(text(),'Your message has been sent successfully.')] (tried for 10 second(s) with 500 milliseconds interval)\nBuild info: version: '4.11.0', revision: '040bc5406b'\nSystem info: os.name: 'Linux', os.arch: 'amd64', os.version: '5.15.0-83-generic', java.version: '11.0.20.1'\nDriver info: org.openqa.selenium.firefox.FirefoxDriver\nCapabilities {acceptInsecureCerts: true, browserName: firefox, browserVersion: 117.0, moz:accessibilityChecks: false, moz:buildID: 20230824132758, moz:debuggerAddress: 127.0.0.1:22403, moz:geckodriverVersion: 0.33.0, moz:headless: false, moz:platformVersion: 5.15.0-83-generic, moz:processID: 76059, moz:profile: /tmp/rust_mozprofilehfg7kD, moz:shutdownTimeout: 60000, moz:webdriverClick: true, moz:windowless: false, pageLoadStrategy: normal, platformName: linux, proxy: Proxy(), se:cdp: ws://127.0.0.1:22403/devtoo..., se:cdpVersion: 85.0, setWindowRect: true, strictFileInteractability: false, timeouts: {implicit: 0, pageLoad: 300000, script: 30000}, unhandledPromptBehavior: dismiss and notify}\nSession ID: f9d54d7e-f560-454f-b4a3-956dec05146a","trace":"org.openqa.selenium.TimeoutException: Expected condition failed: waiting for visibility of element located by By.xpath: /html[1]/body[1]/div[1]/div[9]/div[1]/div[1]/div[1]/div[1]/div[1]/div[3]/p[1][contains(text(),'Your message has been sent successfully.')] (tried for 10 second(s) with 500 milliseconds interval)\nBuild info: version: '4.11.0', revision: '040bc5406b'\nSystem info: os.name: 'Linux', os.arch: 'amd64', os.version: '5.15.0-83-generic', java.version: '11.0.20.1'\nDriver info: org.openqa.selenium.firefox.FirefoxDriver\nCapabilities {acceptInsecureCerts: true, browserName: firefox, browserVersion: 117.0, moz:accessibilityChecks: false, moz:buildID: 20230824132758, moz:debuggerAddress: 127.0.0.1:22403, moz:geckodriverVersion: 0.33.0, moz:headless: false, moz:platformVersion: 5.15.0-83-generic, moz:processID: 76059, moz:profile: /tmp/rust_mozprofilehfg7kD, moz:shutdownTimeout: 60000, moz:webdriverClick: true, moz:windowless: false, pageLoadStrategy: normal, platformName: linux, proxy: Proxy(), se:cdp: ws://127.0.0.1:22403/devtoo..., se:cdpVersion: 85.0, setWindowRect: true, strictFileInteractability: false, timeouts: {implicit: 0, pageLoad: 300000, script: 30000}, unhandledPromptBehavior: dismiss and notify}\nSession ID: f9d54d7e-f560-454f-b4a3-956dec05146a\n\tat org.openqa.selenium.support.ui.WebDriverWait.timeoutException(WebDriverWait.java:84)\n\tat org.openqa.selenium.support.ui.FluentWait.until(FluentWait.java:230)\n\tat PageObject.Contacts.ResponseMessageFromContacts(Contacts.java:31)\n\tat StepDefinitions.ContactsSteps.verify_successful_message(ContactsSteps.java:28)\n\tat ✽.I should see the succsessfuly message \"Your message has been sent successfully.\" on Contacts page(file:///home/david/Desktop/Tesvan_Project/TesvanProject/src/test/features/Contacts.feature:24)\n"},"stage":"finished","steps":[{"name":"Given  Home page is open","status":"passed","statusDetails":{"known":false,"muted":false,"flaky":false},"stage":"finished","steps":[],"attachments":[],"parameters":[],"start":1694202961877,"stop":1694202979153},{"name":"Given  The modal is closed","status":"passed","statusDetails":{"known":false,"muted":false,"flaky":false},"stage":"finished","steps":[],"attachments":[],"parameters":[],"start":1694202979155,"stop":1694202979971},{"name":"When  I click on the \"Contacts\" button","status":"passed","statusDetails":{"known":false,"muted":false,"flaky":false},"stage":"finished","steps":[],"attachments":[],"parameters":[],"start":1694202979972,"stop":1694202980470},{"name":"When  I scrool down page","status":"passed","statusDetails":{"known":false,"muted":false,"flaky":false},"stage":"finished","steps":[],"attachments":[],"parameters":[],"start":1694202980471,"stop":1694202980510},{"name":"When  I fill in \"Full_Name\" field with \"nameTest\" value","status":"passed","statusDetails":{"known":false,"muted":false,"flaky":false},"stage":"finished","steps":[],"attachments":[],"parameters":[],"start":1694202980513,"stop":1694202981221},{"name":"When  I fill in \"Email\" field with \"email@test.com\" value","status":"passed","statusDetails":{"known":false,"muted":false,"flaky":false},"stage":"finished","steps":[],"attachments":[],"parameters":[],"start":1694202981222,"stop":1694202981392},{"name":"When  I fill in \"Phone\" field with \"123456789\" value","status":"passed","statusDetails":{"known":false,"muted":false,"flaky":false},"stage":"finished","steps":[],"attachments":[],"parameters":[],"start":1694202981394,"stop":1694202981506},{"name":"When  I fill in \"Company\" field with \"testCompany\" value","status":"passed","statusDetails":{"known":false,"muted":false,"flaky":false},"stage":"finished","steps":[],"attachments":[],"parameters":[],"start":1694202981507,"stop":1694202981609},{"name":"When  I fill in \"Description\" field with \"testingtestingtestingtesting\" value","status":"passed","statusDetails":{"known":false,"muted":false,"flaky":false},"stage":"finished","steps":[],"attachments":[],"parameters":[],"start":1694202981610,"stop":1694202981788},{"name":"When  I check the I agree to checkbox From Contacts","status":"passed","statusDetails":{"known":false,"muted":false,"flaky":false},"stage":"finished","steps":[],"attachments":[],"parameters":[],"start":1694202981789,"stop":1694202982071},{"name":"When  I click on the \"Send_Message\" button","status":"passed","statusDetails":{"known":false,"muted":false,"flaky":false},"stage":"finished","steps":[],"attachments":[],"parameters":[],"start":1694202982072,"stop":1694202982189},{"name":"Then  I should see the succsessfuly message \"Your message has been sent successfully.\" on Contacts page","status":"broken","statusDetails":{"known":false,"muted":false,"flaky":false,"message":"Expected condition failed: waiting for visibility of element located by By.xpath: /html[1]/body[1]/div[1]/div[9]/div[1]/div[1]/div[1]/div[1]/div[1]/div[3]/p[1][contains(text(),'Your message has been sent successfully.')] (tried for 10 second(s) with 500 milliseconds interval)\nBuild info: version: '4.11.0', revision: '040bc5406b'\nSystem info: os.name: 'Linux', os.arch: 'amd64', os.version: '5.15.0-83-generic', java.version: '11.0.20.1'\nDriver info: org.openqa.selenium.firefox.FirefoxDriver\nCapabilities {acceptInsecureCerts: true, browserName: firefox, browserVersion: 117.0, moz:accessibilityChecks: false, moz:buildID: 20230824132758, moz:debuggerAddress: 127.0.0.1:22403, moz:geckodriverVersion: 0.33.0, moz:headless: false, moz:platformVersion: 5.15.0-83-generic, moz:processID: 76059, moz:profile: /tmp/rust_mozprofilehfg7kD, moz:shutdownTimeout: 60000, moz:webdriverClick: true, moz:windowless: false, pageLoadStrategy: normal, platformName: linux, proxy: Proxy(), se:cdp: ws://127.0.0.1:22403/devtoo..., se:cdpVersion: 85.0, setWindowRect: true, strictFileInteractability: false, timeouts: {implicit: 0, pageLoad: 300000, script: 30000}, unhandledPromptBehavior: dismiss and notify}\nSession ID: f9d54d7e-f560-454f-b4a3-956dec05146a","trace":"org.openqa.selenium.TimeoutException: Expected condition failed: waiting for visibility of element located by By.xpath: /html[1]/body[1]/div[1]/div[9]/div[1]/div[1]/div[1]/div[1]/div[1]/div[3]/p[1][contains(text(),'Your message has been sent successfully.')] (tried for 10 second(s) with 500 milliseconds interval)\nBuild info: version: '4.11.0', revision: '040bc5406b'\nSystem info: os.name: 'Linux', os.arch: 'amd64', os.version: '5.15.0-83-generic', java.version: '11.0.20.1'\nDriver info: org.openqa.selenium.firefox.FirefoxDriver\nCapabilities {acceptInsecureCerts: true, browserName: firefox, browserVersion: 117.0, moz:accessibilityChecks: false, moz:buildID: 20230824132758, moz:debuggerAddress: 127.0.0.1:22403, moz:geckodriverVersion: 0.33.0, moz:headless: false, moz:platformVersion: 5.15.0-83-generic, moz:processID: 76059, moz:profile: /tmp/rust_mozprofilehfg7kD, moz:shutdownTimeout: 60000, moz:webdriverClick: true, moz:windowless: false, pageLoadStrategy: normal, platformName: linux, proxy: Proxy(), se:cdp: ws://127.0.0.1:22403/devtoo..., se:cdpVersion: 85.0, setWindowRect: true, strictFileInteractability: false, timeouts: {implicit: 0, pageLoad: 300000, script: 30000}, unhandledPromptBehavior: dismiss and notify}\nSession ID: f9d54d7e-f560-454f-b4a3-956dec05146a\n\tat org.openqa.selenium.support.ui.WebDriverWait.timeoutException(WebDriverWait.java:84)\n\tat org.openqa.selenium.support.ui.FluentWait.until(FluentWait.java:230)\n\tat PageObject.Contacts.ResponseMessageFromContacts(Contacts.java:31)\n\tat StepDefinitions.ContactsSteps.verify_successful_message(ContactsSteps.java:28)\n\tat ✽.I should see the succsessfuly message \"Your message has been sent successfully.\" on Contacts page(file:///home/david/Desktop/Tesvan_Project/TesvanProject/src/test/features/Contacts.feature:24)\n"},"stage":"finished","steps":[],"attachments":[],"parameters":[],"start":1694202982190,"stop":1694202992756}],"attachments":[],"parameters":[],"start":1694202957222,"stop":1694202994345}