{"uuid":"1eab6522-22f4-4b01-8194-3897c691e7e2","historyId":"882e5a0f8329582bf310c653248ddda8","fullName":"src/test/features/Contacts.feature:13","labels":[{"name":"tag","value":"test"},{"name":"host","value":"david"},{"name":"thread","value":"79618@david.main(1)"},{"name":"feature","value":"As A user I want to send message"},{"name":"story","value":"Send a message with valid data"},{"name":"suite","value":"As A user I want to send message"},{"name":"testClass","value":"Send a message with valid data"},{"name":"framework","value":"cucumber4jvm"},{"name":"language","value":"java"},{"name":"gherkin_uri","value":"file:///home/david/Desktop/Tesvan_Project/TesvanProject/src/test/features/Contacts.feature"},{"name":"package","value":"src.test.features.Contacts_feature.As A user I want to send message"}],"links":[],"name":"Send a message with valid data","status":"broken","statusDetails":{"known":false,"muted":false,"flaky":false,"message":"Argument is of an illegal type: org.openqa.selenium.By$ByXPath","trace":"java.lang.IllegalArgumentException: Argument is of an illegal type: org.openqa.selenium.By$ByXPath\n\tat org.openqa.selenium.remote.internal.WebElementToJsonConverter.apply(WebElementToJsonConverter.java:82)\n\tat java.base/java.util.stream.ReferencePipeline$3$1.accept(ReferencePipeline.java:195)\n\tat java.base/java.util.Spliterators$ArraySpliterator.forEachRemaining(Spliterators.java:948)\n\tat java.base/java.util.stream.AbstractPipeline.copyInto(AbstractPipeline.java:484)\n\tat java.base/java.util.stream.AbstractPipeline.wrapAndCopyInto(AbstractPipeline.java:474)\n\tat java.base/java.util.stream.ReduceOps$ReduceOp.evaluateSequential(ReduceOps.java:913)\n\tat java.base/java.util.stream.AbstractPipeline.evaluate(AbstractPipeline.java:234)\n\tat java.base/java.util.stream.ReferencePipeline.collect(ReferencePipeline.java:578)\n\tat org.openqa.selenium.remote.RemoteWebDriver.executeScript(RemoteWebDriver.java:461)\n\tat PageObject.Contacts.ResponseMessageFromContacts(Contacts.java:33)\n\tat StepDefinitions.ContactsSteps.verify_successful_message(ContactsSteps.java:28)\n\tat ✽.I should see the succsessfuly message \"Your message has been sent successfully.\" on Contacts page(file:///home/david/Desktop/Tesvan_Project/TesvanProject/src/test/features/Contacts.feature:24)\n"},"stage":"finished","steps":[{"name":"Given  Home page is open","status":"passed","statusDetails":{"known":false,"muted":false,"flaky":false},"stage":"finished","steps":[],"attachments":[],"parameters":[],"start":1694203516194,"stop":1694203533007},{"name":"Given  The modal is closed","status":"passed","statusDetails":{"known":false,"muted":false,"flaky":false},"stage":"finished","steps":[],"attachments":[],"parameters":[],"start":1694203533012,"stop":1694203533973},{"name":"When  I click on the \"Contacts\" button","status":"passed","statusDetails":{"known":false,"muted":false,"flaky":false},"stage":"finished","steps":[],"attachments":[],"parameters":[],"start":1694203533974,"stop":1694203534258},{"name":"When  I scrool down page","status":"passed","statusDetails":{"known":false,"muted":false,"flaky":false},"stage":"finished","steps":[],"attachments":[],"parameters":[],"start":1694203534258,"stop":1694203534277},{"name":"When  I fill in \"Full_Name\" field with \"nameTest\" value","status":"passed","statusDetails":{"known":false,"muted":false,"flaky":false},"stage":"finished","steps":[],"attachments":[],"parameters":[],"start":1694203534277,"stop":1694203534904},{"name":"When  I fill in \"Email\" field with \"email@test.com\" value","status":"passed","statusDetails":{"known":false,"muted":false,"flaky":false},"stage":"finished","steps":[],"attachments":[],"parameters":[],"start":1694203534905,"stop":1694203534997},{"name":"When  I fill in \"Phone\" field with \"123456789\" value","status":"passed","statusDetails":{"known":false,"muted":false,"flaky":false},"stage":"finished","steps":[],"attachments":[],"parameters":[],"start":1694203534999,"stop":1694203535119},{"name":"When  I fill in \"Company\" field with \"testCompany\" value","status":"passed","statusDetails":{"known":false,"muted":false,"flaky":false},"stage":"finished","steps":[],"attachments":[],"parameters":[],"start":1694203535120,"stop":1694203535197},{"name":"When  I fill in \"Description\" field with \"testingtestingtestingtesting\" value","status":"passed","statusDetails":{"known":false,"muted":false,"flaky":false},"stage":"finished","steps":[],"attachments":[],"parameters":[],"start":1694203535197,"stop":1694203535304},{"name":"When  I check the I agree to checkbox From Contacts","status":"passed","statusDetails":{"known":false,"muted":false,"flaky":false},"stage":"finished","steps":[],"attachments":[],"parameters":[],"start":1694203535305,"stop":1694203535575},{"name":"When  I click on the \"Send_Message\" button","status":"passed","statusDetails":{"known":false,"muted":false,"flaky":false},"stage":"finished","steps":[],"attachments":[],"parameters":[],"start":1694203535576,"stop":1694203535645},{"name":"Then  I should see the succsessfuly message \"Your message has been sent successfully.\" on Contacts page","status":"broken","statusDetails":{"known":false,"muted":false,"flaky":false,"message":"Argument is of an illegal type: org.openqa.selenium.By$ByXPath","trace":"java.lang.IllegalArgumentException: Argument is of an illegal type: org.openqa.selenium.By$ByXPath\n\tat org.openqa.selenium.remote.internal.WebElementToJsonConverter.apply(WebElementToJsonConverter.java:82)\n\tat java.base/java.util.stream.ReferencePipeline$3$1.accept(ReferencePipeline.java:195)\n\tat java.base/java.util.Spliterators$ArraySpliterator.forEachRemaining(Spliterators.java:948)\n\tat java.base/java.util.stream.AbstractPipeline.copyInto(AbstractPipeline.java:484)\n\tat java.base/java.util.stream.AbstractPipeline.wrapAndCopyInto(AbstractPipeline.java:474)\n\tat java.base/java.util.stream.ReduceOps$ReduceOp.evaluateSequential(ReduceOps.java:913)\n\tat java.base/java.util.stream.AbstractPipeline.evaluate(AbstractPipeline.java:234)\n\tat java.base/java.util.stream.ReferencePipeline.collect(ReferencePipeline.java:578)\n\tat org.openqa.selenium.remote.RemoteWebDriver.executeScript(RemoteWebDriver.java:461)\n\tat PageObject.Contacts.ResponseMessageFromContacts(Contacts.java:33)\n\tat StepDefinitions.ContactsSteps.verify_successful_message(ContactsSteps.java:28)\n\tat ✽.I should see the succsessfuly message \"Your message has been sent successfully.\" on Contacts page(file:///home/david/Desktop/Tesvan_Project/TesvanProject/src/test/features/Contacts.feature:24)\n"},"stage":"finished","steps":[],"attachments":[],"parameters":[],"start":1694203535645,"stop":1694203535656}],"attachments":[],"parameters":[],"start":1694203512624,"stop":1694203536568}