{"uuid":"4b9f21e6-330c-4e34-854e-ceca976c6d0e","historyId":"99d03b346b670ab711943b82ab5060ae","fullName":"src/test/features/SendMessageModal.feature:22","labels":[{"name":"tag","value":"test"},{"name":"host","value":"david"},{"name":"thread","value":"19526@david.main(1)"},{"name":"feature","value":"As A user I want to send message"},{"name":"story","value":"Send a message with invalid email format data"},{"name":"suite","value":"As A user I want to send message"},{"name":"testClass","value":"Send a message with invalid email format data"},{"name":"framework","value":"cucumber4jvm"},{"name":"language","value":"java"},{"name":"gherkin_uri","value":"file:///home/david/Desktop/Tesvan-%20auto/tesvan_auto/src/test/features/SendMessageModal.feature"},{"name":"package","value":"src.test.features.SendMessageModal_feature.As A user I want to send message"}],"links":[],"name":"Send a message with invalid email format data","status":"broken","statusDetails":{"known":false,"muted":false,"flaky":false,"message":"Unable to locate element: /html[1]/body[1]/div[1]/div[8]/div[1]/div[1]/div[1]/div[1]/div[1]/form[1]/div[4]/label[1]/div[1]/input[1]\nFor documentation on this error, please visit: https://www.selenium.dev/documentation/webdriver/troubleshooting/errors#no-such-element-exception\nBuild info: version: '4.11.0', revision: '040bc5406b'\nSystem info: os.name: 'Linux', os.arch: 'amd64', os.version: '5.15.0-83-generic', java.version: '11.0.20.1'\nDriver info: org.openqa.selenium.firefox.FirefoxDriver\nCommand: [6ba0d665-b7dd-4f01-ae4a-4c4df97079ba, findElement {using=xpath, value=/html[1]/body[1]/div[1]/div[8]/div[1]/div[1]/div[1]/div[1]/div[1]/form[1]/div[4]/label[1]/div[1]/input[1]}]\nCapabilities {acceptInsecureCerts: true, browserName: firefox, browserVersion: 117.0, moz:accessibilityChecks: false, moz:buildID: 20230824132758, moz:debuggerAddress: 127.0.0.1:16589, moz:geckodriverVersion: 0.33.0, moz:headless: false, moz:platformVersion: 5.15.0-83-generic, moz:processID: 20079, moz:profile: /tmp/rust_mozprofilemnuvG7, moz:shutdownTimeout: 60000, moz:webdriverClick: true, moz:windowless: false, pageLoadStrategy: normal, platformName: linux, proxy: Proxy(), se:cdp: ws://127.0.0.1:16589/devtoo..., se:cdpVersion: 85.0, setWindowRect: true, strictFileInteractability: false, timeouts: {implicit: 0, pageLoad: 300000, script: 30000}, unhandledPromptBehavior: dismiss and notify}\nSession ID: 6ba0d665-b7dd-4f01-ae4a-4c4df97079ba","trace":"org.openqa.selenium.NoSuchElementException: Unable to locate element: /html[1]/body[1]/div[1]/div[8]/div[1]/div[1]/div[1]/div[1]/div[1]/form[1]/div[4]/label[1]/div[1]/input[1]\nFor documentation on this error, please visit: https://www.selenium.dev/documentation/webdriver/troubleshooting/errors#no-such-element-exception\nBuild info: version: '4.11.0', revision: '040bc5406b'\nSystem info: os.name: 'Linux', os.arch: 'amd64', os.version: '5.15.0-83-generic', java.version: '11.0.20.1'\nDriver info: org.openqa.selenium.firefox.FirefoxDriver\nCommand: [6ba0d665-b7dd-4f01-ae4a-4c4df97079ba, findElement {using=xpath, value=/html[1]/body[1]/div[1]/div[8]/div[1]/div[1]/div[1]/div[1]/div[1]/form[1]/div[4]/label[1]/div[1]/input[1]}]\nCapabilities {acceptInsecureCerts: true, browserName: firefox, browserVersion: 117.0, moz:accessibilityChecks: false, moz:buildID: 20230824132758, moz:debuggerAddress: 127.0.0.1:16589, moz:geckodriverVersion: 0.33.0, moz:headless: false, moz:platformVersion: 5.15.0-83-generic, moz:processID: 20079, moz:profile: /tmp/rust_mozprofilemnuvG7, moz:shutdownTimeout: 60000, moz:webdriverClick: true, moz:windowless: false, pageLoadStrategy: normal, platformName: linux, proxy: Proxy(), se:cdp: ws://127.0.0.1:16589/devtoo..., se:cdpVersion: 85.0, setWindowRect: true, strictFileInteractability: false, timeouts: {implicit: 0, pageLoad: 300000, script: 30000}, unhandledPromptBehavior: dismiss and notify}\nSession ID: 6ba0d665-b7dd-4f01-ae4a-4c4df97079ba\n\tat java.base/jdk.internal.reflect.NativeConstructorAccessorImpl.newInstance0(Native Method)\n\tat java.base/jdk.internal.reflect.NativeConstructorAccessorImpl.newInstance(NativeConstructorAccessorImpl.java:62)\n\tat java.base/jdk.internal.reflect.DelegatingConstructorAccessorImpl.newInstance(DelegatingConstructorAccessorImpl.java:45)\n\tat java.base/java.lang.reflect.Constructor.newInstance(Constructor.java:490)\n\tat org.openqa.selenium.remote.codec.w3c.W3CHttpResponseCodec.createException(W3CHttpResponseCodec.java:200)\n\tat org.openqa.selenium.remote.codec.w3c.W3CHttpResponseCodec.decode(W3CHttpResponseCodec.java:133)\n\tat org.openqa.selenium.remote.codec.w3c.W3CHttpResponseCodec.decode(W3CHttpResponseCodec.java:52)\n\tat org.openqa.selenium.remote.HttpCommandExecutor.execute(HttpCommandExecutor.java:191)\n\tat org.openqa.selenium.remote.service.DriverCommandExecutor.invokeExecute(DriverCommandExecutor.java:196)\n\tat org.openqa.selenium.remote.service.DriverCommandExecutor.execute(DriverCommandExecutor.java:171)\n\tat org.openqa.selenium.remote.RemoteWebDriver.execute(RemoteWebDriver.java:518)\n\tat org.openqa.selenium.remote.ElementLocation$ElementFinder$2.findElement(ElementLocation.java:165)\n\tat org.openqa.selenium.remote.ElementLocation.findElement(ElementLocation.java:59)\n\tat org.openqa.selenium.remote.RemoteWebDriver.findElement(RemoteWebDriver.java:355)\n\tat org.openqa.selenium.remote.RemoteWebDriver.findElement(RemoteWebDriver.java:349)\n\tat PageObject.SendMessageModal.checkboxFromModal(SendMessageModal.java:56)\n\tat StepDefinitions.MessageModalSteps.check_checkbox(MessageModalSteps.java:26)\n\tat âœ½.I check the I agree to checkbox(file:///home/david/Desktop/Tesvan-%20auto/tesvan_auto/src/test/features/SendMessageModal.feature:29)\n"},"stage":"finished","steps":[{"name":"Given  Home page is open","status":"passed","statusDetails":{"known":false,"muted":false,"flaky":false},"stage":"finished","steps":[],"attachments":[],"parameters":[],"start":1694193876559,"stop":1694193893149},{"name":"When  I fill in \"fullName\" field with \"nameTest\" value","status":"passed","statusDetails":{"known":false,"muted":false,"flaky":false},"stage":"finished","steps":[],"attachments":[],"parameters":[],"start":1694193893150,"stop":1694193893486},{"name":"And  I fill in \"email\" field with \"emailtest.com\" value","status":"passed","statusDetails":{"known":false,"muted":false,"flaky":false},"stage":"finished","steps":[],"attachments":[],"parameters":[],"start":1694193893487,"stop":1694193893782},{"name":"And  I fill in \"phone\" field with \"123456789\" value","status":"passed","statusDetails":{"known":false,"muted":false,"flaky":false},"stage":"finished","steps":[],"attachments":[],"parameters":[],"start":1694193893783,"stop":1694193893995},{"name":"And  I fill in \"company\" field with \"testCompany\" value","status":"passed","statusDetails":{"known":false,"muted":false,"flaky":false},"stage":"finished","steps":[],"attachments":[],"parameters":[],"start":1694193894001,"stop":1694193894168},{"name":"And  I fill in \"description\" field with \"testingtestingtestingtesting\" value","status":"passed","statusDetails":{"known":false,"muted":false,"flaky":false},"stage":"finished","steps":[],"attachments":[],"parameters":[],"start":1694193894169,"stop":1694193894384},{"name":"And  I check the I agree to checkbox","status":"broken","statusDetails":{"known":false,"muted":false,"flaky":false,"message":"Unable to locate element: /html[1]/body[1]/div[1]/div[8]/div[1]/div[1]/div[1]/div[1]/div[1]/form[1]/div[4]/label[1]/div[1]/input[1]\nFor documentation on this error, please visit: https://www.selenium.dev/documentation/webdriver/troubleshooting/errors#no-such-element-exception\nBuild info: version: '4.11.0', revision: '040bc5406b'\nSystem info: os.name: 'Linux', os.arch: 'amd64', os.version: '5.15.0-83-generic', java.version: '11.0.20.1'\nDriver info: org.openqa.selenium.firefox.FirefoxDriver\nCommand: [6ba0d665-b7dd-4f01-ae4a-4c4df97079ba, findElement {using=xpath, value=/html[1]/body[1]/div[1]/div[8]/div[1]/div[1]/div[1]/div[1]/div[1]/form[1]/div[4]/label[1]/div[1]/input[1]}]\nCapabilities {acceptInsecureCerts: true, browserName: firefox, browserVersion: 117.0, moz:accessibilityChecks: false, moz:buildID: 20230824132758, moz:debuggerAddress: 127.0.0.1:16589, moz:geckodriverVersion: 0.33.0, moz:headless: false, moz:platformVersion: 5.15.0-83-generic, moz:processID: 20079, moz:profile: /tmp/rust_mozprofilemnuvG7, moz:shutdownTimeout: 60000, moz:webdriverClick: true, moz:windowless: false, pageLoadStrategy: normal, platformName: linux, proxy: Proxy(), se:cdp: ws://127.0.0.1:16589/devtoo..., se:cdpVersion: 85.0, setWindowRect: true, strictFileInteractability: false, timeouts: {implicit: 0, pageLoad: 300000, script: 30000}, unhandledPromptBehavior: dismiss and notify}\nSession ID: 6ba0d665-b7dd-4f01-ae4a-4c4df97079ba","trace":"org.openqa.selenium.NoSuchElementException: Unable to locate element: /html[1]/body[1]/div[1]/div[8]/div[1]/div[1]/div[1]/div[1]/div[1]/form[1]/div[4]/label[1]/div[1]/input[1]\nFor documentation on this error, please visit: https://www.selenium.dev/documentation/webdriver/troubleshooting/errors#no-such-element-exception\nBuild info: version: '4.11.0', revision: '040bc5406b'\nSystem info: os.name: 'Linux', os.arch: 'amd64', os.version: '5.15.0-83-generic', java.version: '11.0.20.1'\nDriver info: org.openqa.selenium.firefox.FirefoxDriver\nCommand: [6ba0d665-b7dd-4f01-ae4a-4c4df97079ba, findElement {using=xpath, value=/html[1]/body[1]/div[1]/div[8]/div[1]/div[1]/div[1]/div[1]/div[1]/form[1]/div[4]/label[1]/div[1]/input[1]}]\nCapabilities {acceptInsecureCerts: true, browserName: firefox, browserVersion: 117.0, moz:accessibilityChecks: false, moz:buildID: 20230824132758, moz:debuggerAddress: 127.0.0.1:16589, moz:geckodriverVersion: 0.33.0, moz:headless: false, moz:platformVersion: 5.15.0-83-generic, moz:processID: 20079, moz:profile: /tmp/rust_mozprofilemnuvG7, moz:shutdownTimeout: 60000, moz:webdriverClick: true, moz:windowless: false, pageLoadStrategy: normal, platformName: linux, proxy: Proxy(), se:cdp: ws://127.0.0.1:16589/devtoo..., se:cdpVersion: 85.0, setWindowRect: true, strictFileInteractability: false, timeouts: {implicit: 0, pageLoad: 300000, script: 30000}, unhandledPromptBehavior: dismiss and notify}\nSession ID: 6ba0d665-b7dd-4f01-ae4a-4c4df97079ba\n\tat java.base/jdk.internal.reflect.NativeConstructorAccessorImpl.newInstance0(Native Method)\n\tat java.base/jdk.internal.reflect.NativeConstructorAccessorImpl.newInstance(NativeConstructorAccessorImpl.java:62)\n\tat java.base/jdk.internal.reflect.DelegatingConstructorAccessorImpl.newInstance(DelegatingConstructorAccessorImpl.java:45)\n\tat java.base/java.lang.reflect.Constructor.newInstance(Constructor.java:490)\n\tat org.openqa.selenium.remote.codec.w3c.W3CHttpResponseCodec.createException(W3CHttpResponseCodec.java:200)\n\tat org.openqa.selenium.remote.codec.w3c.W3CHttpResponseCodec.decode(W3CHttpResponseCodec.java:133)\n\tat org.openqa.selenium.remote.codec.w3c.W3CHttpResponseCodec.decode(W3CHttpResponseCodec.java:52)\n\tat org.openqa.selenium.remote.HttpCommandExecutor.execute(HttpCommandExecutor.java:191)\n\tat org.openqa.selenium.remote.service.DriverCommandExecutor.invokeExecute(DriverCommandExecutor.java:196)\n\tat org.openqa.selenium.remote.service.DriverCommandExecutor.execute(DriverCommandExecutor.java:171)\n\tat org.openqa.selenium.remote.RemoteWebDriver.execute(RemoteWebDriver.java:518)\n\tat org.openqa.selenium.remote.ElementLocation$ElementFinder$2.findElement(ElementLocation.java:165)\n\tat org.openqa.selenium.remote.ElementLocation.findElement(ElementLocation.java:59)\n\tat org.openqa.selenium.remote.RemoteWebDriver.findElement(RemoteWebDriver.java:355)\n\tat org.openqa.selenium.remote.RemoteWebDriver.findElement(RemoteWebDriver.java:349)\n\tat PageObject.SendMessageModal.checkboxFromModal(SendMessageModal.java:56)\n\tat StepDefinitions.MessageModalSteps.check_checkbox(MessageModalSteps.java:26)\n\tat âœ½.I check the I agree to checkbox(file:///home/david/Desktop/Tesvan-%20auto/tesvan_auto/src/test/features/SendMessageModal.feature:29)\n"},"stage":"finished","steps":[],"attachments":[],"parameters":[],"start":1694193894385,"stop":1694193904444},{"name":"And  I click on the \"send_message\" button","status":"skipped","statusDetails":{"known":false,"muted":false,"flaky":false},"stage":"finished","steps":[],"attachments":[],"parameters":[],"start":1694193904464,"stop":1694193904466},{"name":"Then  I should see the input error \"Email is invalid\"","status":"skipped","statusDetails":{"known":false,"muted":false,"flaky":false},"stage":"finished","steps":[],"attachments":[],"parameters":[],"start":1694193904467,"stop":1694193904472}],"attachments":[],"parameters":[],"start":1694193872515,"stop":1694193906040}