{"uuid":"58bbc34e-2fde-4b43-9ca6-c9075bd954c3","historyId":"9974656ee8ae83b53ccb148f3e3f8614","fullName":"src/test/features/HomePage.feature:21","labels":[{"name":"tag","value":"test"},{"name":"host","value":"david"},{"name":"thread","value":"257653@david.main(1)"},{"name":"feature","value":"As a user I want to check Home Page functionality"},{"name":"story","value":"Verify Language Selection Functionality"},{"name":"suite","value":"As a user I want to check Home Page functionality"},{"name":"testClass","value":"Verify Language Selection Functionality"},{"name":"framework","value":"cucumber4jvm"},{"name":"language","value":"java"},{"name":"gherkin_uri","value":"file:///home/david/Desktop/Tesvan_Project/TesvanProject/src/test/features/HomePage.feature"},{"name":"package","value":"src.test.features.HomePage_feature.As a user I want to check Home Page functionality"}],"links":[],"name":"Verify Language Selection Functionality","status":"broken","statusDetails":{"known":false,"muted":false,"flaky":false,"message":"Unable to find element with locator By.xpath: //div[@class='Logo_logo__oGIB8 NavMenu_logo___kegW']\nFor documentation on this error, please visit: https://www.selenium.dev/documentation/webdriver/troubleshooting/errors#no-such-element-exception\nBuild info: version: '4.11.0', revision: '040bc5406b'\nSystem info: os.name: 'Linux', os.arch: 'amd64', os.version: '5.15.0-83-generic', java.version: '11.0.20.1'\nDriver info: driver.version: RemoteWebDriver","trace":"org.openqa.selenium.NoSuchElementException: Unable to find element with locator By.xpath: //div[@class='Logo_logo__oGIB8 NavMenu_logo___kegW']\nFor documentation on this error, please visit: https://www.selenium.dev/documentation/webdriver/troubleshooting/errors#no-such-element-exception\nBuild info: version: '4.11.0', revision: '040bc5406b'\nSystem info: os.name: 'Linux', os.arch: 'amd64', os.version: '5.15.0-83-generic', java.version: '11.0.20.1'\nDriver info: driver.version: RemoteWebDriver\n\tat org.openqa.selenium.remote.ElementLocation$ElementFinder$2.findElement(ElementLocation.java:168)\n\tat org.openqa.selenium.remote.ElementLocation.findElement(ElementLocation.java:59)\n\tat org.openqa.selenium.remote.RemoteWebDriver.findElement(RemoteWebDriver.java:355)\n\tat org.openqa.selenium.remote.RemoteWebDriver.findElement(RemoteWebDriver.java:349)\n\tat PageObject.HomePage.homePageOpens(HomePage.java:29)\n\tat StepDefinitions.HomePageSteps.home_page_is_open(HomePageSteps.java:20)\n\tat ✽.Home page is open(file:///home/david/Desktop/Tesvan_Project/TesvanProject/src/test/features/HomePage.feature:7)\n"},"stage":"finished","steps":[{"name":"Given  Home page is open","status":"broken","statusDetails":{"known":false,"muted":false,"flaky":false,"message":"Unable to find element with locator By.xpath: //div[@class='Logo_logo__oGIB8 NavMenu_logo___kegW']\nFor documentation on this error, please visit: https://www.selenium.dev/documentation/webdriver/troubleshooting/errors#no-such-element-exception\nBuild info: version: '4.11.0', revision: '040bc5406b'\nSystem info: os.name: 'Linux', os.arch: 'amd64', os.version: '5.15.0-83-generic', java.version: '11.0.20.1'\nDriver info: driver.version: RemoteWebDriver","trace":"org.openqa.selenium.NoSuchElementException: Unable to find element with locator By.xpath: //div[@class='Logo_logo__oGIB8 NavMenu_logo___kegW']\nFor documentation on this error, please visit: https://www.selenium.dev/documentation/webdriver/troubleshooting/errors#no-such-element-exception\nBuild info: version: '4.11.0', revision: '040bc5406b'\nSystem info: os.name: 'Linux', os.arch: 'amd64', os.version: '5.15.0-83-generic', java.version: '11.0.20.1'\nDriver info: driver.version: RemoteWebDriver\n\tat org.openqa.selenium.remote.ElementLocation$ElementFinder$2.findElement(ElementLocation.java:168)\n\tat org.openqa.selenium.remote.ElementLocation.findElement(ElementLocation.java:59)\n\tat org.openqa.selenium.remote.RemoteWebDriver.findElement(RemoteWebDriver.java:355)\n\tat org.openqa.selenium.remote.RemoteWebDriver.findElement(RemoteWebDriver.java:349)\n\tat PageObject.HomePage.homePageOpens(HomePage.java:29)\n\tat StepDefinitions.HomePageSteps.home_page_is_open(HomePageSteps.java:20)\n\tat ✽.Home page is open(file:///home/david/Desktop/Tesvan_Project/TesvanProject/src/test/features/HomePage.feature:7)\n"},"stage":"finished","steps":[],"attachments":[],"parameters":[],"start":1694380654766,"stop":1694380656833},{"name":"Given  The modal is closed","status":"skipped","statusDetails":{"known":false,"muted":false,"flaky":false},"stage":"finished","steps":[],"attachments":[],"parameters":[],"start":1694380656837,"stop":1694380656838},{"name":"When  I click on the \"ENG\" button","status":"skipped","statusDetails":{"known":false,"muted":false,"flaky":false},"stage":"finished","steps":[],"attachments":[],"parameters":[],"start":1694380656840,"stop":1694380656842},{"name":"And  I select a \"Ru\" language","status":"skipped","statusDetails":{"known":false,"muted":false,"flaky":false},"stage":"finished","steps":[],"attachments":[],"parameters":[],"start":1694380656844,"stop":1694380656846},{"name":"Then  I see that the page URL should be contain the \"/ru\"","status":"skipped","statusDetails":{"known":false,"muted":false,"flaky":false},"stage":"finished","steps":[],"attachments":[],"parameters":[],"start":1694380656847,"stop":1694380656849}],"attachments":[],"parameters":[{"name":"language","value":"ENG"},{"name":"selected_language","value":"Ru"},{"name":"expected_URL","value":"/ru"}],"start":1694380653332,"stop":1694380656961}