{"uuid":"6dc56094-c558-49ab-84a1-b64bb826a90d","historyId":"ecd4ed3074852456e02f69368c8f0413","fullName":"src/test/features/HomePage.feature:25","labels":[{"name":"tag","value":"test"},{"name":"host","value":"david"},{"name":"thread","value":"15833@david.main(1)"},{"name":"feature","value":"As a user I want to check Home Page functionality"},{"name":"story","value":"Verify Language Selection Functionality"},{"name":"suite","value":"As a user I want to check Home Page functionality"},{"name":"testClass","value":"Verify Language Selection Functionality"},{"name":"framework","value":"cucumber4jvm"},{"name":"language","value":"java"},{"name":"gherkin_uri","value":"file:///home/david/Desktop/Tesvan_Project/TesvanProject/src/test/features/HomePage.feature"},{"name":"package","value":"src.test.features.HomePage_feature.As a user I want to check Home Page functionality"}],"links":[],"name":"Verify Language Selection Functionality","status":"broken","statusDetails":{"known":false,"muted":false,"flaky":false,"message":"Expected condition failed: waiting for url to contain \"/am\". Current url: \"https://www.tesvan.com/en\" (tried for 10 second(s) with 500 milliseconds interval)\nBuild info: version: '4.11.0', revision: '040bc5406b'\nSystem info: os.name: 'Linux', os.arch: 'amd64', os.version: '5.15.0-83-generic', java.version: '11.0.20.1'\nDriver info: org.openqa.selenium.firefox.FirefoxDriver\nCapabilities {acceptInsecureCerts: true, browserName: firefox, browserVersion: 117.0, moz:accessibilityChecks: false, moz:buildID: 20230824132758, moz:debuggerAddress: 127.0.0.1:17893, moz:geckodriverVersion: 0.33.0, moz:headless: false, moz:platformVersion: 5.15.0-83-generic, moz:processID: 15899, moz:profile: /tmp/rust_mozprofile9Jikct, moz:shutdownTimeout: 60000, moz:webdriverClick: true, moz:windowless: false, pageLoadStrategy: normal, platformName: linux, proxy: Proxy(), se:cdp: ws://127.0.0.1:17893/devtoo..., se:cdpVersion: 85.0, setWindowRect: true, strictFileInteractability: false, timeouts: {implicit: 0, pageLoad: 300000, script: 30000}, unhandledPromptBehavior: dismiss and notify}\nSession ID: 5b82c279-60a7-4810-81bf-ea8f586afa4d","trace":"org.openqa.selenium.TimeoutException: Expected condition failed: waiting for url to contain \"/am\". Current url: \"https://www.tesvan.com/en\" (tried for 10 second(s) with 500 milliseconds interval)\nBuild info: version: '4.11.0', revision: '040bc5406b'\nSystem info: os.name: 'Linux', os.arch: 'amd64', os.version: '5.15.0-83-generic', java.version: '11.0.20.1'\nDriver info: org.openqa.selenium.firefox.FirefoxDriver\nCapabilities {acceptInsecureCerts: true, browserName: firefox, browserVersion: 117.0, moz:accessibilityChecks: false, moz:buildID: 20230824132758, moz:debuggerAddress: 127.0.0.1:17893, moz:geckodriverVersion: 0.33.0, moz:headless: false, moz:platformVersion: 5.15.0-83-generic, moz:processID: 15899, moz:profile: /tmp/rust_mozprofile9Jikct, moz:shutdownTimeout: 60000, moz:webdriverClick: true, moz:windowless: false, pageLoadStrategy: normal, platformName: linux, proxy: Proxy(), se:cdp: ws://127.0.0.1:17893/devtoo..., se:cdpVersion: 85.0, setWindowRect: true, strictFileInteractability: false, timeouts: {implicit: 0, pageLoad: 300000, script: 30000}, unhandledPromptBehavior: dismiss and notify}\nSession ID: 5b82c279-60a7-4810-81bf-ea8f586afa4d\n\tat org.openqa.selenium.support.ui.WebDriverWait.timeoutException(WebDriverWait.java:84)\n\tat org.openqa.selenium.support.ui.FluentWait.until(FluentWait.java:230)\n\tat PageObject.HomePage.urlContains(HomePage.java:71)\n\tat StepDefinitions.HomePageSteps.iSeeThatThePageURLShouldContain(HomePageSteps.java:56)\n\tat ✽.I see that the page URL should be contain the \"/am\"(file:///home/david/Desktop/Tesvan_Project/TesvanProject/src/test/features/HomePage.feature:21)\n"},"stage":"finished","steps":[{"name":"Given  Home page is open","status":"passed","statusDetails":{"known":false,"muted":false,"flaky":false},"stage":"finished","steps":[],"attachments":[],"parameters":[],"start":1694274474237,"stop":1694274491505},{"name":"Given  The modal is closed","status":"passed","statusDetails":{"known":false,"muted":false,"flaky":false},"stage":"finished","steps":[],"attachments":[],"parameters":[],"start":1694274491511,"stop":1694274492531},{"name":"When  I click on the \"ENG\" button","status":"passed","statusDetails":{"known":false,"muted":false,"flaky":false},"stage":"finished","steps":[],"attachments":[],"parameters":[],"start":1694274492567,"stop":1694274493183},{"name":"And  I select a \"Arm\" language","status":"passed","statusDetails":{"known":false,"muted":false,"flaky":false},"stage":"finished","steps":[],"attachments":[],"parameters":[],"start":1694274493190,"stop":1694274493325},{"name":"Then  I see that the page URL should be contain the \"/am\"","status":"broken","statusDetails":{"known":false,"muted":false,"flaky":false,"message":"Expected condition failed: waiting for url to contain \"/am\". Current url: \"https://www.tesvan.com/en\" (tried for 10 second(s) with 500 milliseconds interval)\nBuild info: version: '4.11.0', revision: '040bc5406b'\nSystem info: os.name: 'Linux', os.arch: 'amd64', os.version: '5.15.0-83-generic', java.version: '11.0.20.1'\nDriver info: org.openqa.selenium.firefox.FirefoxDriver\nCapabilities {acceptInsecureCerts: true, browserName: firefox, browserVersion: 117.0, moz:accessibilityChecks: false, moz:buildID: 20230824132758, moz:debuggerAddress: 127.0.0.1:17893, moz:geckodriverVersion: 0.33.0, moz:headless: false, moz:platformVersion: 5.15.0-83-generic, moz:processID: 15899, moz:profile: /tmp/rust_mozprofile9Jikct, moz:shutdownTimeout: 60000, moz:webdriverClick: true, moz:windowless: false, pageLoadStrategy: normal, platformName: linux, proxy: Proxy(), se:cdp: ws://127.0.0.1:17893/devtoo..., se:cdpVersion: 85.0, setWindowRect: true, strictFileInteractability: false, timeouts: {implicit: 0, pageLoad: 300000, script: 30000}, unhandledPromptBehavior: dismiss and notify}\nSession ID: 5b82c279-60a7-4810-81bf-ea8f586afa4d","trace":"org.openqa.selenium.TimeoutException: Expected condition failed: waiting for url to contain \"/am\". Current url: \"https://www.tesvan.com/en\" (tried for 10 second(s) with 500 milliseconds interval)\nBuild info: version: '4.11.0', revision: '040bc5406b'\nSystem info: os.name: 'Linux', os.arch: 'amd64', os.version: '5.15.0-83-generic', java.version: '11.0.20.1'\nDriver info: org.openqa.selenium.firefox.FirefoxDriver\nCapabilities {acceptInsecureCerts: true, browserName: firefox, browserVersion: 117.0, moz:accessibilityChecks: false, moz:buildID: 20230824132758, moz:debuggerAddress: 127.0.0.1:17893, moz:geckodriverVersion: 0.33.0, moz:headless: false, moz:platformVersion: 5.15.0-83-generic, moz:processID: 15899, moz:profile: /tmp/rust_mozprofile9Jikct, moz:shutdownTimeout: 60000, moz:webdriverClick: true, moz:windowless: false, pageLoadStrategy: normal, platformName: linux, proxy: Proxy(), se:cdp: ws://127.0.0.1:17893/devtoo..., se:cdpVersion: 85.0, setWindowRect: true, strictFileInteractability: false, timeouts: {implicit: 0, pageLoad: 300000, script: 30000}, unhandledPromptBehavior: dismiss and notify}\nSession ID: 5b82c279-60a7-4810-81bf-ea8f586afa4d\n\tat org.openqa.selenium.support.ui.WebDriverWait.timeoutException(WebDriverWait.java:84)\n\tat org.openqa.selenium.support.ui.FluentWait.until(FluentWait.java:230)\n\tat PageObject.HomePage.urlContains(HomePage.java:71)\n\tat StepDefinitions.HomePageSteps.iSeeThatThePageURLShouldContain(HomePageSteps.java:56)\n\tat ✽.I see that the page URL should be contain the \"/am\"(file:///home/david/Desktop/Tesvan_Project/TesvanProject/src/test/features/HomePage.feature:21)\n"},"stage":"finished","steps":[],"attachments":[],"parameters":[],"start":1694274493333,"stop":1694274503522}],"attachments":[],"parameters":[{"name":"language","value":"ENG"},{"name":"selected_language","value":"Arm"},{"name":"expected_URL","value":"/am"}],"start":1694274468078,"stop":1694274507031}