{"uuid":"8ff5af88-bbd3-438b-b88c-883ca2cfea33","historyId":"5db23f8b0c117cb57debab1633d16253","fullName":"src/test/features/Contacts.feature:56","labels":[{"name":"tag","value":"test"},{"name":"host","value":"david"},{"name":"thread","value":"92568@david.main(1)"},{"name":"feature","value":"As A user I want to send message and navigate to social media pages"},{"name":"story","value":"Send a message without checking the \"I Agree\" checkbox and receive an error"},{"name":"suite","value":"As A user I want to send message and navigate to social media pages"},{"name":"testClass","value":"Send a message without checking the \"I Agree\" checkbox and receive an error"},{"name":"framework","value":"cucumber4jvm"},{"name":"language","value":"java"},{"name":"gherkin_uri","value":"file:///home/david/Desktop/Tesvan_Project/TesvanProject/src/test/features/Contacts.feature"},{"name":"package","value":"src.test.features.Contacts_feature.As A user I want to send message and navigate to social media pages"}],"links":[],"name":"Send a message without checking the \"I Agree\" checkbox and receive an error","status":"broken","statusDetails":{"known":false,"muted":false,"flaky":false,"message":"Unable to locate element: //p[contains(@class, 'ContactForm_error')][contains(text(), 'Please check and accept our Privacy Policy')]\nFor documentation on this error, please visit: https://www.selenium.dev/documentation/webdriver/troubleshooting/errors#no-such-element-exception\nBuild info: version: '4.11.0', revision: '040bc5406b'\nSystem info: os.name: 'Linux', os.arch: 'amd64', os.version: '5.15.0-83-generic', java.version: '11.0.20.1'\nDriver info: org.openqa.selenium.firefox.FirefoxDriver\nCommand: [2c2937eb-0616-4215-9b04-cf845c819c44, findElement {using=xpath, value=//p[contains(@class, 'ContactForm_error')][contains(text(), 'Please check and accept our Privacy Policy')]}]\nCapabilities {acceptInsecureCerts: true, browserName: firefox, browserVersion: 117.0, moz:accessibilityChecks: false, moz:buildID: 20230824132758, moz:debuggerAddress: 127.0.0.1:24580, moz:geckodriverVersion: 0.33.0, moz:headless: false, moz:platformVersion: 5.15.0-83-generic, moz:processID: 92616, moz:profile: /tmp/rust_mozprofileaSgxws, moz:shutdownTimeout: 60000, moz:webdriverClick: true, moz:windowless: false, pageLoadStrategy: normal, platformName: linux, proxy: Proxy(), se:cdp: ws://127.0.0.1:24580/devtoo..., se:cdpVersion: 85.0, setWindowRect: true, strictFileInteractability: false, timeouts: {implicit: 0, pageLoad: 300000, script: 30000}, unhandledPromptBehavior: dismiss and notify}\nSession ID: 2c2937eb-0616-4215-9b04-cf845c819c44","trace":"org.openqa.selenium.NoSuchElementException: Unable to locate element: //p[contains(@class, 'ContactForm_error')][contains(text(), 'Please check and accept our Privacy Policy')]\nFor documentation on this error, please visit: https://www.selenium.dev/documentation/webdriver/troubleshooting/errors#no-such-element-exception\nBuild info: version: '4.11.0', revision: '040bc5406b'\nSystem info: os.name: 'Linux', os.arch: 'amd64', os.version: '5.15.0-83-generic', java.version: '11.0.20.1'\nDriver info: org.openqa.selenium.firefox.FirefoxDriver\nCommand: [2c2937eb-0616-4215-9b04-cf845c819c44, findElement {using=xpath, value=//p[contains(@class, 'ContactForm_error')][contains(text(), 'Please check and accept our Privacy Policy')]}]\nCapabilities {acceptInsecureCerts: true, browserName: firefox, browserVersion: 117.0, moz:accessibilityChecks: false, moz:buildID: 20230824132758, moz:debuggerAddress: 127.0.0.1:24580, moz:geckodriverVersion: 0.33.0, moz:headless: false, moz:platformVersion: 5.15.0-83-generic, moz:processID: 92616, moz:profile: /tmp/rust_mozprofileaSgxws, moz:shutdownTimeout: 60000, moz:webdriverClick: true, moz:windowless: false, pageLoadStrategy: normal, platformName: linux, proxy: Proxy(), se:cdp: ws://127.0.0.1:24580/devtoo..., se:cdpVersion: 85.0, setWindowRect: true, strictFileInteractability: false, timeouts: {implicit: 0, pageLoad: 300000, script: 30000}, unhandledPromptBehavior: dismiss and notify}\nSession ID: 2c2937eb-0616-4215-9b04-cf845c819c44\n\tat java.base/jdk.internal.reflect.NativeConstructorAccessorImpl.newInstance0(Native Method)\n\tat java.base/jdk.internal.reflect.NativeConstructorAccessorImpl.newInstance(NativeConstructorAccessorImpl.java:62)\n\tat java.base/jdk.internal.reflect.DelegatingConstructorAccessorImpl.newInstance(DelegatingConstructorAccessorImpl.java:45)\n\tat java.base/java.lang.reflect.Constructor.newInstance(Constructor.java:490)\n\tat org.openqa.selenium.remote.codec.w3c.W3CHttpResponseCodec.createException(W3CHttpResponseCodec.java:200)\n\tat org.openqa.selenium.remote.codec.w3c.W3CHttpResponseCodec.decode(W3CHttpResponseCodec.java:133)\n\tat org.openqa.selenium.remote.codec.w3c.W3CHttpResponseCodec.decode(W3CHttpResponseCodec.java:52)\n\tat org.openqa.selenium.remote.HttpCommandExecutor.execute(HttpCommandExecutor.java:191)\n\tat org.openqa.selenium.remote.service.DriverCommandExecutor.invokeExecute(DriverCommandExecutor.java:196)\n\tat org.openqa.selenium.remote.service.DriverCommandExecutor.execute(DriverCommandExecutor.java:171)\n\tat org.openqa.selenium.remote.RemoteWebDriver.execute(RemoteWebDriver.java:518)\n\tat org.openqa.selenium.remote.ElementLocation$ElementFinder$2.findElement(ElementLocation.java:165)\n\tat org.openqa.selenium.remote.ElementLocation.findElement(ElementLocation.java:59)\n\tat org.openqa.selenium.remote.RemoteWebDriver.findElement(RemoteWebDriver.java:355)\n\tat org.openqa.selenium.remote.RemoteWebDriver.findElement(RemoteWebDriver.java:349)\n\tat PageObject.SendMessageModal.checkboxError(SendMessageModal.java:88)\n\tat StepDefinitions.MessageSteps.verify_checkbox_error(MessageSteps.java:54)\n\tat âœ½.I should see the error \"Please check and accept our Privacy Policy\"(file:///home/david/Desktop/Tesvan_Project/TesvanProject/src/test/features/Contacts.feature:66)\n"},"stage":"finished","steps":[{"name":"Given  Home page is open","status":"passed","statusDetails":{"known":false,"muted":false,"flaky":false},"stage":"finished","steps":[],"attachments":[],"parameters":[],"start":1694256250608,"stop":1694256266998},{"name":"Given  The modal is closed","status":"passed","statusDetails":{"known":false,"muted":false,"flaky":false},"stage":"finished","steps":[],"attachments":[],"parameters":[],"start":1694256266999,"stop":1694256268071},{"name":"And  I click on the \"Contacts\" button","status":"passed","statusDetails":{"known":false,"muted":false,"flaky":false},"stage":"finished","steps":[],"attachments":[],"parameters":[],"start":1694256268072,"stop":1694256268408},{"name":"And  I scrool down page","status":"passed","statusDetails":{"known":false,"muted":false,"flaky":false},"stage":"finished","steps":[],"attachments":[],"parameters":[],"start":1694256268409,"stop":1694256268433},{"name":"And  I fill in \"Full_Name\" field with \"nameTest\" value","status":"passed","statusDetails":{"known":false,"muted":false,"flaky":false},"stage":"finished","steps":[],"attachments":[],"parameters":[],"start":1694256268436,"stop":1694256269042},{"name":"And  I fill in \"Email\" field with \"email@test.com\" value","status":"passed","statusDetails":{"known":false,"muted":false,"flaky":false},"stage":"finished","steps":[],"attachments":[],"parameters":[],"start":1694256269043,"stop":1694256269167},{"name":"And  I fill in \"Phone\" field with \"123456789\" value","status":"passed","statusDetails":{"known":false,"muted":false,"flaky":false},"stage":"finished","steps":[],"attachments":[],"parameters":[],"start":1694256269170,"stop":1694256269244},{"name":"And  I fill in \"Company\" field with \"testCompany\" value","status":"passed","statusDetails":{"known":false,"muted":false,"flaky":false},"stage":"finished","steps":[],"attachments":[],"parameters":[],"start":1694256269244,"stop":1694256269339},{"name":"And  I fill in \"Description\" field with \"testingtestingtestingtesting\" value","status":"passed","statusDetails":{"known":false,"muted":false,"flaky":false},"stage":"finished","steps":[],"attachments":[],"parameters":[],"start":1694256269339,"stop":1694256269441},{"name":"And  I click on the \"Send_Message\" button","status":"passed","statusDetails":{"known":false,"muted":false,"flaky":false},"stage":"finished","steps":[],"attachments":[],"parameters":[],"start":1694256269441,"stop":1694256279482},{"name":"Then  I should see the error \"Please check and accept our Privacy Policy\"","status":"broken","statusDetails":{"known":false,"muted":false,"flaky":false,"message":"Unable to locate element: //p[contains(@class, 'ContactForm_error')][contains(text(), 'Please check and accept our Privacy Policy')]\nFor documentation on this error, please visit: https://www.selenium.dev/documentation/webdriver/troubleshooting/errors#no-such-element-exception\nBuild info: version: '4.11.0', revision: '040bc5406b'\nSystem info: os.name: 'Linux', os.arch: 'amd64', os.version: '5.15.0-83-generic', java.version: '11.0.20.1'\nDriver info: org.openqa.selenium.firefox.FirefoxDriver\nCommand: [2c2937eb-0616-4215-9b04-cf845c819c44, findElement {using=xpath, value=//p[contains(@class, 'ContactForm_error')][contains(text(), 'Please check and accept our Privacy Policy')]}]\nCapabilities {acceptInsecureCerts: true, browserName: firefox, browserVersion: 117.0, moz:accessibilityChecks: false, moz:buildID: 20230824132758, moz:debuggerAddress: 127.0.0.1:24580, moz:geckodriverVersion: 0.33.0, moz:headless: false, moz:platformVersion: 5.15.0-83-generic, moz:processID: 92616, moz:profile: /tmp/rust_mozprofileaSgxws, moz:shutdownTimeout: 60000, moz:webdriverClick: true, moz:windowless: false, pageLoadStrategy: normal, platformName: linux, proxy: Proxy(), se:cdp: ws://127.0.0.1:24580/devtoo..., se:cdpVersion: 85.0, setWindowRect: true, strictFileInteractability: false, timeouts: {implicit: 0, pageLoad: 300000, script: 30000}, unhandledPromptBehavior: dismiss and notify}\nSession ID: 2c2937eb-0616-4215-9b04-cf845c819c44","trace":"org.openqa.selenium.NoSuchElementException: Unable to locate element: //p[contains(@class, 'ContactForm_error')][contains(text(), 'Please check and accept our Privacy Policy')]\nFor documentation on this error, please visit: https://www.selenium.dev/documentation/webdriver/troubleshooting/errors#no-such-element-exception\nBuild info: version: '4.11.0', revision: '040bc5406b'\nSystem info: os.name: 'Linux', os.arch: 'amd64', os.version: '5.15.0-83-generic', java.version: '11.0.20.1'\nDriver info: org.openqa.selenium.firefox.FirefoxDriver\nCommand: [2c2937eb-0616-4215-9b04-cf845c819c44, findElement {using=xpath, value=//p[contains(@class, 'ContactForm_error')][contains(text(), 'Please check and accept our Privacy Policy')]}]\nCapabilities {acceptInsecureCerts: true, browserName: firefox, browserVersion: 117.0, moz:accessibilityChecks: false, moz:buildID: 20230824132758, moz:debuggerAddress: 127.0.0.1:24580, moz:geckodriverVersion: 0.33.0, moz:headless: false, moz:platformVersion: 5.15.0-83-generic, moz:processID: 92616, moz:profile: /tmp/rust_mozprofileaSgxws, moz:shutdownTimeout: 60000, moz:webdriverClick: true, moz:windowless: false, pageLoadStrategy: normal, platformName: linux, proxy: Proxy(), se:cdp: ws://127.0.0.1:24580/devtoo..., se:cdpVersion: 85.0, setWindowRect: true, strictFileInteractability: false, timeouts: {implicit: 0, pageLoad: 300000, script: 30000}, unhandledPromptBehavior: dismiss and notify}\nSession ID: 2c2937eb-0616-4215-9b04-cf845c819c44\n\tat java.base/jdk.internal.reflect.NativeConstructorAccessorImpl.newInstance0(Native Method)\n\tat java.base/jdk.internal.reflect.NativeConstructorAccessorImpl.newInstance(NativeConstructorAccessorImpl.java:62)\n\tat java.base/jdk.internal.reflect.DelegatingConstructorAccessorImpl.newInstance(DelegatingConstructorAccessorImpl.java:45)\n\tat java.base/java.lang.reflect.Constructor.newInstance(Constructor.java:490)\n\tat org.openqa.selenium.remote.codec.w3c.W3CHttpResponseCodec.createException(W3CHttpResponseCodec.java:200)\n\tat org.openqa.selenium.remote.codec.w3c.W3CHttpResponseCodec.decode(W3CHttpResponseCodec.java:133)\n\tat org.openqa.selenium.remote.codec.w3c.W3CHttpResponseCodec.decode(W3CHttpResponseCodec.java:52)\n\tat org.openqa.selenium.remote.HttpCommandExecutor.execute(HttpCommandExecutor.java:191)\n\tat org.openqa.selenium.remote.service.DriverCommandExecutor.invokeExecute(DriverCommandExecutor.java:196)\n\tat org.openqa.selenium.remote.service.DriverCommandExecutor.execute(DriverCommandExecutor.java:171)\n\tat org.openqa.selenium.remote.RemoteWebDriver.execute(RemoteWebDriver.java:518)\n\tat org.openqa.selenium.remote.ElementLocation$ElementFinder$2.findElement(ElementLocation.java:165)\n\tat org.openqa.selenium.remote.ElementLocation.findElement(ElementLocation.java:59)\n\tat org.openqa.selenium.remote.RemoteWebDriver.findElement(RemoteWebDriver.java:355)\n\tat org.openqa.selenium.remote.RemoteWebDriver.findElement(RemoteWebDriver.java:349)\n\tat PageObject.SendMessageModal.checkboxError(SendMessageModal.java:88)\n\tat StepDefinitions.MessageSteps.verify_checkbox_error(MessageSteps.java:54)\n\tat âœ½.I should see the error \"Please check and accept our Privacy Policy\"(file:///home/david/Desktop/Tesvan_Project/TesvanProject/src/test/features/Contacts.feature:66)\n"},"stage":"finished","steps":[],"attachments":[],"parameters":[],"start":1694256279482,"stop":1694256284522}],"attachments":[],"parameters":[],"start":1694256246579,"stop":1694256285640}