{"uuid":"a15b0407-e6c9-4dc3-91d9-44932c359938","historyId":"ecd4ed3074852456e02f69368c8f0413","fullName":"src/test/features/HomePage.feature:25","labels":[{"name":"tag","value":"test"},{"name":"host","value":"david"},{"name":"thread","value":"19842@david.main(1)"},{"name":"feature","value":"As a user I want to check Home Page functionality"},{"name":"story","value":"Verify Language Selection Functionality"},{"name":"suite","value":"As a user I want to check Home Page functionality"},{"name":"testClass","value":"Verify Language Selection Functionality"},{"name":"framework","value":"cucumber4jvm"},{"name":"language","value":"java"},{"name":"gherkin_uri","value":"file:///home/david/Desktop/Tesvan_Project/TesvanProject/src/test/features/HomePage.feature"},{"name":"package","value":"src.test.features.HomePage_feature.As a user I want to check Home Page functionality"}],"links":[],"name":"Verify Language Selection Functionality","status":"broken","statusDetails":{"known":false,"muted":false,"flaky":false,"message":"Expected condition failed: waiting for url to contain \"/am\". Current url: \"https://www.tesvan.com/en\" (tried for 10 second(s) with 500 milliseconds interval)\nBuild info: version: '4.11.0', revision: '040bc5406b'\nSystem info: os.name: 'Linux', os.arch: 'amd64', os.version: '5.15.0-83-generic', java.version: '11.0.20.1'\nDriver info: org.openqa.selenium.firefox.FirefoxDriver\nCapabilities {acceptInsecureCerts: true, browserName: firefox, browserVersion: 117.0, moz:accessibilityChecks: false, moz:buildID: 20230824132758, moz:debuggerAddress: 127.0.0.1:22406, moz:geckodriverVersion: 0.33.0, moz:headless: false, moz:platformVersion: 5.15.0-83-generic, moz:processID: 19910, moz:profile: /tmp/rust_mozprofileKelckp, moz:shutdownTimeout: 60000, moz:webdriverClick: true, moz:windowless: false, pageLoadStrategy: normal, platformName: linux, proxy: Proxy(), se:cdp: ws://127.0.0.1:22406/devtoo..., se:cdpVersion: 85.0, setWindowRect: true, strictFileInteractability: false, timeouts: {implicit: 0, pageLoad: 300000, script: 30000}, unhandledPromptBehavior: dismiss and notify}\nSession ID: c6886021-623c-4e60-bfc0-3c299011bfb1","trace":"org.openqa.selenium.TimeoutException: Expected condition failed: waiting for url to contain \"/am\". Current url: \"https://www.tesvan.com/en\" (tried for 10 second(s) with 500 milliseconds interval)\nBuild info: version: '4.11.0', revision: '040bc5406b'\nSystem info: os.name: 'Linux', os.arch: 'amd64', os.version: '5.15.0-83-generic', java.version: '11.0.20.1'\nDriver info: org.openqa.selenium.firefox.FirefoxDriver\nCapabilities {acceptInsecureCerts: true, browserName: firefox, browserVersion: 117.0, moz:accessibilityChecks: false, moz:buildID: 20230824132758, moz:debuggerAddress: 127.0.0.1:22406, moz:geckodriverVersion: 0.33.0, moz:headless: false, moz:platformVersion: 5.15.0-83-generic, moz:processID: 19910, moz:profile: /tmp/rust_mozprofileKelckp, moz:shutdownTimeout: 60000, moz:webdriverClick: true, moz:windowless: false, pageLoadStrategy: normal, platformName: linux, proxy: Proxy(), se:cdp: ws://127.0.0.1:22406/devtoo..., se:cdpVersion: 85.0, setWindowRect: true, strictFileInteractability: false, timeouts: {implicit: 0, pageLoad: 300000, script: 30000}, unhandledPromptBehavior: dismiss and notify}\nSession ID: c6886021-623c-4e60-bfc0-3c299011bfb1\n\tat org.openqa.selenium.support.ui.WebDriverWait.timeoutException(WebDriverWait.java:84)\n\tat org.openqa.selenium.support.ui.FluentWait.until(FluentWait.java:230)\n\tat PageObject.HomePage.urlContains(HomePage.java:71)\n\tat StepDefinitions.HomePageSteps.iSeeThatThePageURLShouldContain(HomePageSteps.java:56)\n\tat ✽.I see that the page URL should be contain the \"/am\"(file:///home/david/Desktop/Tesvan_Project/TesvanProject/src/test/features/HomePage.feature:21)\n"},"stage":"finished","steps":[{"name":"Given  Home page is open","status":"passed","statusDetails":{"known":false,"muted":false,"flaky":false},"stage":"finished","steps":[],"attachments":[],"parameters":[],"start":1694274785454,"stop":1694274803020},{"name":"Given  The modal is closed","status":"passed","statusDetails":{"known":false,"muted":false,"flaky":false},"stage":"finished","steps":[],"attachments":[],"parameters":[],"start":1694274803031,"stop":1694274804226},{"name":"When  I click on the \"ENG\" button","status":"passed","statusDetails":{"known":false,"muted":false,"flaky":false},"stage":"finished","steps":[],"attachments":[],"parameters":[],"start":1694274804253,"stop":1694274804952},{"name":"And  I select a \"Arm\" language","status":"passed","statusDetails":{"known":false,"muted":false,"flaky":false},"stage":"finished","steps":[],"attachments":[],"parameters":[],"start":1694274804955,"stop":1694274805188},{"name":"Then  I see that the page URL should be contain the \"/am\"","status":"broken","statusDetails":{"known":false,"muted":false,"flaky":false,"message":"Expected condition failed: waiting for url to contain \"/am\". Current url: \"https://www.tesvan.com/en\" (tried for 10 second(s) with 500 milliseconds interval)\nBuild info: version: '4.11.0', revision: '040bc5406b'\nSystem info: os.name: 'Linux', os.arch: 'amd64', os.version: '5.15.0-83-generic', java.version: '11.0.20.1'\nDriver info: org.openqa.selenium.firefox.FirefoxDriver\nCapabilities {acceptInsecureCerts: true, browserName: firefox, browserVersion: 117.0, moz:accessibilityChecks: false, moz:buildID: 20230824132758, moz:debuggerAddress: 127.0.0.1:22406, moz:geckodriverVersion: 0.33.0, moz:headless: false, moz:platformVersion: 5.15.0-83-generic, moz:processID: 19910, moz:profile: /tmp/rust_mozprofileKelckp, moz:shutdownTimeout: 60000, moz:webdriverClick: true, moz:windowless: false, pageLoadStrategy: normal, platformName: linux, proxy: Proxy(), se:cdp: ws://127.0.0.1:22406/devtoo..., se:cdpVersion: 85.0, setWindowRect: true, strictFileInteractability: false, timeouts: {implicit: 0, pageLoad: 300000, script: 30000}, unhandledPromptBehavior: dismiss and notify}\nSession ID: c6886021-623c-4e60-bfc0-3c299011bfb1","trace":"org.openqa.selenium.TimeoutException: Expected condition failed: waiting for url to contain \"/am\". Current url: \"https://www.tesvan.com/en\" (tried for 10 second(s) with 500 milliseconds interval)\nBuild info: version: '4.11.0', revision: '040bc5406b'\nSystem info: os.name: 'Linux', os.arch: 'amd64', os.version: '5.15.0-83-generic', java.version: '11.0.20.1'\nDriver info: org.openqa.selenium.firefox.FirefoxDriver\nCapabilities {acceptInsecureCerts: true, browserName: firefox, browserVersion: 117.0, moz:accessibilityChecks: false, moz:buildID: 20230824132758, moz:debuggerAddress: 127.0.0.1:22406, moz:geckodriverVersion: 0.33.0, moz:headless: false, moz:platformVersion: 5.15.0-83-generic, moz:processID: 19910, moz:profile: /tmp/rust_mozprofileKelckp, moz:shutdownTimeout: 60000, moz:webdriverClick: true, moz:windowless: false, pageLoadStrategy: normal, platformName: linux, proxy: Proxy(), se:cdp: ws://127.0.0.1:22406/devtoo..., se:cdpVersion: 85.0, setWindowRect: true, strictFileInteractability: false, timeouts: {implicit: 0, pageLoad: 300000, script: 30000}, unhandledPromptBehavior: dismiss and notify}\nSession ID: c6886021-623c-4e60-bfc0-3c299011bfb1\n\tat org.openqa.selenium.support.ui.WebDriverWait.timeoutException(WebDriverWait.java:84)\n\tat org.openqa.selenium.support.ui.FluentWait.until(FluentWait.java:230)\n\tat PageObject.HomePage.urlContains(HomePage.java:71)\n\tat StepDefinitions.HomePageSteps.iSeeThatThePageURLShouldContain(HomePageSteps.java:56)\n\tat ✽.I see that the page URL should be contain the \"/am\"(file:///home/david/Desktop/Tesvan_Project/TesvanProject/src/test/features/HomePage.feature:21)\n"},"stage":"finished","steps":[],"attachments":[],"parameters":[],"start":1694274805199,"stop":1694274815444}],"attachments":[],"parameters":[{"name":"language","value":"ENG"},{"name":"selected_language","value":"Arm"},{"name":"expected_URL","value":"/am"}],"start":1694274778589,"stop":1694274818994}