{"uuid":"fd9a0aca-6913-46ae-98a8-3add9c4b81f2","historyId":"f7f95b0c74eb2ac13566b7dec2d380b6","fullName":"src/test/features/SendMessageModal.feature:9","labels":[{"name":"tag","value":"test"},{"name":"host","value":"david"},{"name":"thread","value":"20889@david.main(1)"},{"name":"feature","value":"As A user I want to send message"},{"name":"story","value":"Send a message with valid data"},{"name":"suite","value":"As A user I want to send message"},{"name":"testClass","value":"Send a message with valid data"},{"name":"framework","value":"cucumber4jvm"},{"name":"language","value":"java"},{"name":"gherkin_uri","value":"file:///home/david/Desktop/Tesvan_Project/TesvanProject/src/test/features/SendMessageModal.feature"},{"name":"package","value":"src.test.features.SendMessageModal_feature.As A user I want to send message"}],"links":[],"name":"Send a message with valid data","status":"broken","statusDetails":{"known":false,"muted":false,"flaky":false,"message":"Unable to locate element: //body/div[@id='__next']/div[contains(@class,'ResponseMessages_container__wVOwE')]/div[contains(@class,'ResponseMessages_message__gcPjy')]/p[1][contains(text(), 'Your message has been sent successfully.')]\nFor documentation on this error, please visit: https://www.selenium.dev/documentation/webdriver/troubleshooting/errors#no-such-element-exception\nBuild info: version: '4.11.0', revision: '040bc5406b'\nSystem info: os.name: 'Linux', os.arch: 'amd64', os.version: '5.15.0-83-generic', java.version: '11.0.20.1'\nDriver info: org.openqa.selenium.firefox.FirefoxDriver\nCommand: [32b892e2-2e23-4f2a-a6e0-f713da03a481, findElement {using=xpath, value=//body/div[@id='__next']/div[contains(@class,'ResponseMessages_container__wVOwE')]/div[contains(@class,'ResponseMessages_message__gcPjy')]/p[1][contains(text(), 'Your message has been sent successfully.')]}]\nCapabilities {acceptInsecureCerts: true, browserName: firefox, browserVersion: 117.0, moz:accessibilityChecks: false, moz:buildID: 20230824132758, moz:debuggerAddress: 127.0.0.1:12852, moz:geckodriverVersion: 0.33.0, moz:headless: false, moz:platformVersion: 5.15.0-83-generic, moz:processID: 20976, moz:profile: /tmp/rust_mozprofileg9GAOl, moz:shutdownTimeout: 60000, moz:webdriverClick: true, moz:windowless: false, pageLoadStrategy: normal, platformName: linux, proxy: Proxy(), se:cdp: ws://127.0.0.1:12852/devtoo..., se:cdpVersion: 85.0, setWindowRect: true, strictFileInteractability: false, timeouts: {implicit: 0, pageLoad: 300000, script: 30000}, unhandledPromptBehavior: dismiss and notify}\nSession ID: 32b892e2-2e23-4f2a-a6e0-f713da03a481","trace":"org.openqa.selenium.NoSuchElementException: Unable to locate element: //body/div[@id='__next']/div[contains(@class,'ResponseMessages_container__wVOwE')]/div[contains(@class,'ResponseMessages_message__gcPjy')]/p[1][contains(text(), 'Your message has been sent successfully.')]\nFor documentation on this error, please visit: https://www.selenium.dev/documentation/webdriver/troubleshooting/errors#no-such-element-exception\nBuild info: version: '4.11.0', revision: '040bc5406b'\nSystem info: os.name: 'Linux', os.arch: 'amd64', os.version: '5.15.0-83-generic', java.version: '11.0.20.1'\nDriver info: org.openqa.selenium.firefox.FirefoxDriver\nCommand: [32b892e2-2e23-4f2a-a6e0-f713da03a481, findElement {using=xpath, value=//body/div[@id='__next']/div[contains(@class,'ResponseMessages_container__wVOwE')]/div[contains(@class,'ResponseMessages_message__gcPjy')]/p[1][contains(text(), 'Your message has been sent successfully.')]}]\nCapabilities {acceptInsecureCerts: true, browserName: firefox, browserVersion: 117.0, moz:accessibilityChecks: false, moz:buildID: 20230824132758, moz:debuggerAddress: 127.0.0.1:12852, moz:geckodriverVersion: 0.33.0, moz:headless: false, moz:platformVersion: 5.15.0-83-generic, moz:processID: 20976, moz:profile: /tmp/rust_mozprofileg9GAOl, moz:shutdownTimeout: 60000, moz:webdriverClick: true, moz:windowless: false, pageLoadStrategy: normal, platformName: linux, proxy: Proxy(), se:cdp: ws://127.0.0.1:12852/devtoo..., se:cdpVersion: 85.0, setWindowRect: true, strictFileInteractability: false, timeouts: {implicit: 0, pageLoad: 300000, script: 30000}, unhandledPromptBehavior: dismiss and notify}\nSession ID: 32b892e2-2e23-4f2a-a6e0-f713da03a481\n\tat java.base/jdk.internal.reflect.NativeConstructorAccessorImpl.newInstance0(Native Method)\n\tat java.base/jdk.internal.reflect.NativeConstructorAccessorImpl.newInstance(NativeConstructorAccessorImpl.java:62)\n\tat java.base/jdk.internal.reflect.DelegatingConstructorAccessorImpl.newInstance(DelegatingConstructorAccessorImpl.java:45)\n\tat java.base/java.lang.reflect.Constructor.newInstance(Constructor.java:490)\n\tat org.openqa.selenium.remote.codec.w3c.W3CHttpResponseCodec.createException(W3CHttpResponseCodec.java:200)\n\tat org.openqa.selenium.remote.codec.w3c.W3CHttpResponseCodec.decode(W3CHttpResponseCodec.java:133)\n\tat org.openqa.selenium.remote.codec.w3c.W3CHttpResponseCodec.decode(W3CHttpResponseCodec.java:52)\n\tat org.openqa.selenium.remote.HttpCommandExecutor.execute(HttpCommandExecutor.java:191)\n\tat org.openqa.selenium.remote.service.DriverCommandExecutor.invokeExecute(DriverCommandExecutor.java:196)\n\tat org.openqa.selenium.remote.service.DriverCommandExecutor.execute(DriverCommandExecutor.java:171)\n\tat org.openqa.selenium.remote.RemoteWebDriver.execute(RemoteWebDriver.java:518)\n\tat org.openqa.selenium.remote.ElementLocation$ElementFinder$2.findElement(ElementLocation.java:165)\n\tat org.openqa.selenium.remote.ElementLocation.findElement(ElementLocation.java:59)\n\tat org.openqa.selenium.remote.RemoteWebDriver.findElement(RemoteWebDriver.java:355)\n\tat org.openqa.selenium.remote.RemoteWebDriver.findElement(RemoteWebDriver.java:349)\n\tat PageObject.SendMessageModal.Message(SendMessageModal.java:67)\n\tat StepDefinitions.MessageSteps.verify_successful_message(MessageSteps.java:36)\n\tat âœ½.I should see the succsessfuly message \"Your message has been sent successfully.\"(file:///home/david/Desktop/Tesvan_Project/TesvanProject/src/test/features/SendMessageModal.feature:18)\n"},"stage":"finished","steps":[{"name":"Given  Home page is open","status":"passed","statusDetails":{"known":false,"muted":false,"flaky":false},"stage":"finished","steps":[],"attachments":[],"parameters":[],"start":1694334665542,"stop":1694334683330},{"name":"When  I fill in \"fullName\" field with \"nameTest\" value","status":"passed","statusDetails":{"known":false,"muted":false,"flaky":false},"stage":"finished","steps":[],"attachments":[],"parameters":[],"start":1694334683338,"stop":1694334684221},{"name":"And  I fill in \"email\" field with \"email@test.com\" value","status":"passed","statusDetails":{"known":false,"muted":false,"flaky":false},"stage":"finished","steps":[],"attachments":[],"parameters":[],"start":1694334684224,"stop":1694334685011},{"name":"And  I fill in \"phone\" field with \"123456789\" value","status":"passed","statusDetails":{"known":false,"muted":false,"flaky":false},"stage":"finished","steps":[],"attachments":[],"parameters":[],"start":1694334685019,"stop":1694334685540},{"name":"And  I fill in \"company\" field with \"testCompany\" value","status":"passed","statusDetails":{"known":false,"muted":false,"flaky":false},"stage":"finished","steps":[],"attachments":[],"parameters":[],"start":1694334685546,"stop":1694334686159},{"name":"And  I fill in \"description\" field with \"testingtestingtestingtesting\" value","status":"passed","statusDetails":{"known":false,"muted":false,"flaky":false},"stage":"finished","steps":[],"attachments":[],"parameters":[],"start":1694334686171,"stop":1694334687079},{"name":"And  I check the I agree to checkbox","status":"passed","statusDetails":{"known":false,"muted":false,"flaky":false},"stage":"finished","steps":[],"attachments":[],"parameters":[],"start":1694334687111,"stop":1694334687761},{"name":"And  I click on the \"send_message\" button","status":"passed","statusDetails":{"known":false,"muted":false,"flaky":false},"stage":"finished","steps":[],"attachments":[],"parameters":[],"start":1694334687769,"stop":1694334688537},{"name":"Then  I should see the succsessfuly message \"Your message has been sent successfully.\"","status":"broken","statusDetails":{"known":false,"muted":false,"flaky":false,"message":"Unable to locate element: //body/div[@id='__next']/div[contains(@class,'ResponseMessages_container__wVOwE')]/div[contains(@class,'ResponseMessages_message__gcPjy')]/p[1][contains(text(), 'Your message has been sent successfully.')]\nFor documentation on this error, please visit: https://www.selenium.dev/documentation/webdriver/troubleshooting/errors#no-such-element-exception\nBuild info: version: '4.11.0', revision: '040bc5406b'\nSystem info: os.name: 'Linux', os.arch: 'amd64', os.version: '5.15.0-83-generic', java.version: '11.0.20.1'\nDriver info: org.openqa.selenium.firefox.FirefoxDriver\nCommand: [32b892e2-2e23-4f2a-a6e0-f713da03a481, findElement {using=xpath, value=//body/div[@id='__next']/div[contains(@class,'ResponseMessages_container__wVOwE')]/div[contains(@class,'ResponseMessages_message__gcPjy')]/p[1][contains(text(), 'Your message has been sent successfully.')]}]\nCapabilities {acceptInsecureCerts: true, browserName: firefox, browserVersion: 117.0, moz:accessibilityChecks: false, moz:buildID: 20230824132758, moz:debuggerAddress: 127.0.0.1:12852, moz:geckodriverVersion: 0.33.0, moz:headless: false, moz:platformVersion: 5.15.0-83-generic, moz:processID: 20976, moz:profile: /tmp/rust_mozprofileg9GAOl, moz:shutdownTimeout: 60000, moz:webdriverClick: true, moz:windowless: false, pageLoadStrategy: normal, platformName: linux, proxy: Proxy(), se:cdp: ws://127.0.0.1:12852/devtoo..., se:cdpVersion: 85.0, setWindowRect: true, strictFileInteractability: false, timeouts: {implicit: 0, pageLoad: 300000, script: 30000}, unhandledPromptBehavior: dismiss and notify}\nSession ID: 32b892e2-2e23-4f2a-a6e0-f713da03a481","trace":"org.openqa.selenium.NoSuchElementException: Unable to locate element: //body/div[@id='__next']/div[contains(@class,'ResponseMessages_container__wVOwE')]/div[contains(@class,'ResponseMessages_message__gcPjy')]/p[1][contains(text(), 'Your message has been sent successfully.')]\nFor documentation on this error, please visit: https://www.selenium.dev/documentation/webdriver/troubleshooting/errors#no-such-element-exception\nBuild info: version: '4.11.0', revision: '040bc5406b'\nSystem info: os.name: 'Linux', os.arch: 'amd64', os.version: '5.15.0-83-generic', java.version: '11.0.20.1'\nDriver info: org.openqa.selenium.firefox.FirefoxDriver\nCommand: [32b892e2-2e23-4f2a-a6e0-f713da03a481, findElement {using=xpath, value=//body/div[@id='__next']/div[contains(@class,'ResponseMessages_container__wVOwE')]/div[contains(@class,'ResponseMessages_message__gcPjy')]/p[1][contains(text(), 'Your message has been sent successfully.')]}]\nCapabilities {acceptInsecureCerts: true, browserName: firefox, browserVersion: 117.0, moz:accessibilityChecks: false, moz:buildID: 20230824132758, moz:debuggerAddress: 127.0.0.1:12852, moz:geckodriverVersion: 0.33.0, moz:headless: false, moz:platformVersion: 5.15.0-83-generic, moz:processID: 20976, moz:profile: /tmp/rust_mozprofileg9GAOl, moz:shutdownTimeout: 60000, moz:webdriverClick: true, moz:windowless: false, pageLoadStrategy: normal, platformName: linux, proxy: Proxy(), se:cdp: ws://127.0.0.1:12852/devtoo..., se:cdpVersion: 85.0, setWindowRect: true, strictFileInteractability: false, timeouts: {implicit: 0, pageLoad: 300000, script: 30000}, unhandledPromptBehavior: dismiss and notify}\nSession ID: 32b892e2-2e23-4f2a-a6e0-f713da03a481\n\tat java.base/jdk.internal.reflect.NativeConstructorAccessorImpl.newInstance0(Native Method)\n\tat java.base/jdk.internal.reflect.NativeConstructorAccessorImpl.newInstance(NativeConstructorAccessorImpl.java:62)\n\tat java.base/jdk.internal.reflect.DelegatingConstructorAccessorImpl.newInstance(DelegatingConstructorAccessorImpl.java:45)\n\tat java.base/java.lang.reflect.Constructor.newInstance(Constructor.java:490)\n\tat org.openqa.selenium.remote.codec.w3c.W3CHttpResponseCodec.createException(W3CHttpResponseCodec.java:200)\n\tat org.openqa.selenium.remote.codec.w3c.W3CHttpResponseCodec.decode(W3CHttpResponseCodec.java:133)\n\tat org.openqa.selenium.remote.codec.w3c.W3CHttpResponseCodec.decode(W3CHttpResponseCodec.java:52)\n\tat org.openqa.selenium.remote.HttpCommandExecutor.execute(HttpCommandExecutor.java:191)\n\tat org.openqa.selenium.remote.service.DriverCommandExecutor.invokeExecute(DriverCommandExecutor.java:196)\n\tat org.openqa.selenium.remote.service.DriverCommandExecutor.execute(DriverCommandExecutor.java:171)\n\tat org.openqa.selenium.remote.RemoteWebDriver.execute(RemoteWebDriver.java:518)\n\tat org.openqa.selenium.remote.ElementLocation$ElementFinder$2.findElement(ElementLocation.java:165)\n\tat org.openqa.selenium.remote.ElementLocation.findElement(ElementLocation.java:59)\n\tat org.openqa.selenium.remote.RemoteWebDriver.findElement(RemoteWebDriver.java:355)\n\tat org.openqa.selenium.remote.RemoteWebDriver.findElement(RemoteWebDriver.java:349)\n\tat PageObject.SendMessageModal.Message(SendMessageModal.java:67)\n\tat StepDefinitions.MessageSteps.verify_successful_message(MessageSteps.java:36)\n\tat âœ½.I should see the succsessfuly message \"Your message has been sent successfully.\"(file:///home/david/Desktop/Tesvan_Project/TesvanProject/src/test/features/SendMessageModal.feature:18)\n"},"stage":"finished","steps":[],"attachments":[],"parameters":[],"start":1694334688541,"stop":1694334690876}],"attachments":[],"parameters":[],"start":1694334656536,"stop":1694334695224}