{
  "uid" : "5731bd51af1008be",
  "name" : "Verify Social Media Navigation from Contact",
  "fullName" : "src/test/features/Contacts.feature:24",
  "historyId" : "7f2069e1bc46e852db74f1ed08d82fd3",
  "time" : {
    "start" : 1694279485476,
    "stop" : 1694279509601,
    "duration" : 24125
  },
  "status" : "broken",
  "statusMessage" : "Given css selector expression \"//div[contains(@class, 'HeaderContent_scrollIcon__')]\" is invalid: InvalidSelectorError: Document.querySelector: '//div[contains(@class, 'HeaderContent_scrollIcon__')]' is not a valid selector: \"//div[contains(@class, 'HeaderContent_scrollIcon__')]\"\nFor documentation on this error, please visit: https://www.selenium.dev/documentation/webdriver/troubleshooting/errors#invalid-selector-exception\nBuild info: version: '4.11.0', revision: '040bc5406b'\nSystem info: os.name: 'Linux', os.arch: 'amd64', os.version: '5.15.0-83-generic', java.version: '11.0.20.1'\nDriver info: org.openqa.selenium.firefox.FirefoxDriver\nCommand: [9fe15459-4d0a-4eaa-8964-3cc7d157cda4, findElement {using=css selector, value=//div[contains(@class, 'HeaderContent_scrollIcon__')]}]\nCapabilities {acceptInsecureCerts: true, browserName: firefox, browserVersion: 117.0, moz:accessibilityChecks: false, moz:buildID: 20230824132758, moz:debuggerAddress: 127.0.0.1:20999, moz:geckodriverVersion: 0.33.0, moz:headless: false, moz:platformVersion: 5.15.0-83-generic, moz:processID: 60602, moz:profile: /tmp/rust_mozprofileQPbTMZ, moz:shutdownTimeout: 60000, moz:webdriverClick: true, moz:windowless: false, pageLoadStrategy: normal, platformName: linux, proxy: Proxy(), se:cdp: ws://127.0.0.1:20999/devtoo..., se:cdpVersion: 85.0, setWindowRect: true, strictFileInteractability: false, timeouts: {implicit: 0, pageLoad: 300000, script: 30000}, unhandledPromptBehavior: dismiss and notify}\nSession ID: 9fe15459-4d0a-4eaa-8964-3cc7d157cda4",
  "statusTrace" : "org.openqa.selenium.InvalidSelectorException: Given css selector expression \"//div[contains(@class, 'HeaderContent_scrollIcon__')]\" is invalid: InvalidSelectorError: Document.querySelector: '//div[contains(@class, 'HeaderContent_scrollIcon__')]' is not a valid selector: \"//div[contains(@class, 'HeaderContent_scrollIcon__')]\"\nFor documentation on this error, please visit: https://www.selenium.dev/documentation/webdriver/troubleshooting/errors#invalid-selector-exception\nBuild info: version: '4.11.0', revision: '040bc5406b'\nSystem info: os.name: 'Linux', os.arch: 'amd64', os.version: '5.15.0-83-generic', java.version: '11.0.20.1'\nDriver info: org.openqa.selenium.firefox.FirefoxDriver\nCommand: [9fe15459-4d0a-4eaa-8964-3cc7d157cda4, findElement {using=css selector, value=//div[contains(@class, 'HeaderContent_scrollIcon__')]}]\nCapabilities {acceptInsecureCerts: true, browserName: firefox, browserVersion: 117.0, moz:accessibilityChecks: false, moz:buildID: 20230824132758, moz:debuggerAddress: 127.0.0.1:20999, moz:geckodriverVersion: 0.33.0, moz:headless: false, moz:platformVersion: 5.15.0-83-generic, moz:processID: 60602, moz:profile: /tmp/rust_mozprofileQPbTMZ, moz:shutdownTimeout: 60000, moz:webdriverClick: true, moz:windowless: false, pageLoadStrategy: normal, platformName: linux, proxy: Proxy(), se:cdp: ws://127.0.0.1:20999/devtoo..., se:cdpVersion: 85.0, setWindowRect: true, strictFileInteractability: false, timeouts: {implicit: 0, pageLoad: 300000, script: 30000}, unhandledPromptBehavior: dismiss and notify}\nSession ID: 9fe15459-4d0a-4eaa-8964-3cc7d157cda4\n\tat java.base/jdk.internal.reflect.NativeConstructorAccessorImpl.newInstance0(Native Method)\n\tat java.base/jdk.internal.reflect.NativeConstructorAccessorImpl.newInstance(NativeConstructorAccessorImpl.java:62)\n\tat java.base/jdk.internal.reflect.DelegatingConstructorAccessorImpl.newInstance(DelegatingConstructorAccessorImpl.java:45)\n\tat java.base/java.lang.reflect.Constructor.newInstance(Constructor.java:490)\n\tat org.openqa.selenium.remote.codec.w3c.W3CHttpResponseCodec.createException(W3CHttpResponseCodec.java:200)\n\tat org.openqa.selenium.remote.codec.w3c.W3CHttpResponseCodec.decode(W3CHttpResponseCodec.java:133)\n\tat org.openqa.selenium.remote.codec.w3c.W3CHttpResponseCodec.decode(W3CHttpResponseCodec.java:52)\n\tat org.openqa.selenium.remote.HttpCommandExecutor.execute(HttpCommandExecutor.java:191)\n\tat org.openqa.selenium.remote.service.DriverCommandExecutor.invokeExecute(DriverCommandExecutor.java:196)\n\tat org.openqa.selenium.remote.service.DriverCommandExecutor.execute(DriverCommandExecutor.java:171)\n\tat org.openqa.selenium.remote.RemoteWebDriver.execute(RemoteWebDriver.java:518)\n\tat org.openqa.selenium.remote.ElementLocation$ElementFinder$2.findElement(ElementLocation.java:165)\n\tat org.openqa.selenium.remote.ElementLocation.findElement(ElementLocation.java:59)\n\tat org.openqa.selenium.remote.RemoteWebDriver.findElement(RemoteWebDriver.java:355)\n\tat org.openqa.selenium.remote.RemoteWebDriver.findElement(RemoteWebDriver.java:349)\n\tat org.openqa.selenium.support.ui.ExpectedConditions$6.apply(ExpectedConditions.java:171)\n\tat org.openqa.selenium.support.ui.ExpectedConditions$6.apply(ExpectedConditions.java:168)\n\tat org.openqa.selenium.support.ui.FluentWait.until(FluentWait.java:205)\n\tat PageObject.SendMessageModal.clickOnElement(SendMessageModal.java:56)\n\tat StepDefinitions.MessageSteps.send_message(MessageSteps.java:31)\n\tat âœ½.I click on the \"ScroolDown\" button(file:///home/david/Desktop/Tesvan_Project/TesvanProject/src/test/features/Contacts.feature:17)\n",
  "flaky" : false,
  "newFailed" : false,
  "newBroken" : false,
  "newPassed" : false,
  "retriesCount" : 0,
  "retriesStatusChange" : false,
  "beforeStages" : [ {
    "name" : "StepDefinitions.Hooks.initDriver()",
    "time" : {
      "start" : 1694279485477,
      "stop" : 1694279489410,
      "duration" : 3933
    },
    "status" : "passed",
    "steps" : [ ],
    "attachments" : [ ],
    "parameters" : [ ],
    "stepsCount" : 0,
    "attachmentsCount" : 0,
    "shouldDisplayMessage" : false,
    "hasContent" : false
  } ],
  "testStage" : {
    "status" : "broken",
    "statusMessage" : "Given css selector expression \"//div[contains(@class, 'HeaderContent_scrollIcon__')]\" is invalid: InvalidSelectorError: Document.querySelector: '//div[contains(@class, 'HeaderContent_scrollIcon__')]' is not a valid selector: \"//div[contains(@class, 'HeaderContent_scrollIcon__')]\"\nFor documentation on this error, please visit: https://www.selenium.dev/documentation/webdriver/troubleshooting/errors#invalid-selector-exception\nBuild info: version: '4.11.0', revision: '040bc5406b'\nSystem info: os.name: 'Linux', os.arch: 'amd64', os.version: '5.15.0-83-generic', java.version: '11.0.20.1'\nDriver info: org.openqa.selenium.firefox.FirefoxDriver\nCommand: [9fe15459-4d0a-4eaa-8964-3cc7d157cda4, findElement {using=css selector, value=//div[contains(@class, 'HeaderContent_scrollIcon__')]}]\nCapabilities {acceptInsecureCerts: true, browserName: firefox, browserVersion: 117.0, moz:accessibilityChecks: false, moz:buildID: 20230824132758, moz:debuggerAddress: 127.0.0.1:20999, moz:geckodriverVersion: 0.33.0, moz:headless: false, moz:platformVersion: 5.15.0-83-generic, moz:processID: 60602, moz:profile: /tmp/rust_mozprofileQPbTMZ, moz:shutdownTimeout: 60000, moz:webdriverClick: true, moz:windowless: false, pageLoadStrategy: normal, platformName: linux, proxy: Proxy(), se:cdp: ws://127.0.0.1:20999/devtoo..., se:cdpVersion: 85.0, setWindowRect: true, strictFileInteractability: false, timeouts: {implicit: 0, pageLoad: 300000, script: 30000}, unhandledPromptBehavior: dismiss and notify}\nSession ID: 9fe15459-4d0a-4eaa-8964-3cc7d157cda4",
    "statusTrace" : "org.openqa.selenium.InvalidSelectorException: Given css selector expression \"//div[contains(@class, 'HeaderContent_scrollIcon__')]\" is invalid: InvalidSelectorError: Document.querySelector: '//div[contains(@class, 'HeaderContent_scrollIcon__')]' is not a valid selector: \"//div[contains(@class, 'HeaderContent_scrollIcon__')]\"\nFor documentation on this error, please visit: https://www.selenium.dev/documentation/webdriver/troubleshooting/errors#invalid-selector-exception\nBuild info: version: '4.11.0', revision: '040bc5406b'\nSystem info: os.name: 'Linux', os.arch: 'amd64', os.version: '5.15.0-83-generic', java.version: '11.0.20.1'\nDriver info: org.openqa.selenium.firefox.FirefoxDriver\nCommand: [9fe15459-4d0a-4eaa-8964-3cc7d157cda4, findElement {using=css selector, value=//div[contains(@class, 'HeaderContent_scrollIcon__')]}]\nCapabilities {acceptInsecureCerts: true, browserName: firefox, browserVersion: 117.0, moz:accessibilityChecks: false, moz:buildID: 20230824132758, moz:debuggerAddress: 127.0.0.1:20999, moz:geckodriverVersion: 0.33.0, moz:headless: false, moz:platformVersion: 5.15.0-83-generic, moz:processID: 60602, moz:profile: /tmp/rust_mozprofileQPbTMZ, moz:shutdownTimeout: 60000, moz:webdriverClick: true, moz:windowless: false, pageLoadStrategy: normal, platformName: linux, proxy: Proxy(), se:cdp: ws://127.0.0.1:20999/devtoo..., se:cdpVersion: 85.0, setWindowRect: true, strictFileInteractability: false, timeouts: {implicit: 0, pageLoad: 300000, script: 30000}, unhandledPromptBehavior: dismiss and notify}\nSession ID: 9fe15459-4d0a-4eaa-8964-3cc7d157cda4\n\tat java.base/jdk.internal.reflect.NativeConstructorAccessorImpl.newInstance0(Native Method)\n\tat java.base/jdk.internal.reflect.NativeConstructorAccessorImpl.newInstance(NativeConstructorAccessorImpl.java:62)\n\tat java.base/jdk.internal.reflect.DelegatingConstructorAccessorImpl.newInstance(DelegatingConstructorAccessorImpl.java:45)\n\tat java.base/java.lang.reflect.Constructor.newInstance(Constructor.java:490)\n\tat org.openqa.selenium.remote.codec.w3c.W3CHttpResponseCodec.createException(W3CHttpResponseCodec.java:200)\n\tat org.openqa.selenium.remote.codec.w3c.W3CHttpResponseCodec.decode(W3CHttpResponseCodec.java:133)\n\tat org.openqa.selenium.remote.codec.w3c.W3CHttpResponseCodec.decode(W3CHttpResponseCodec.java:52)\n\tat org.openqa.selenium.remote.HttpCommandExecutor.execute(HttpCommandExecutor.java:191)\n\tat org.openqa.selenium.remote.service.DriverCommandExecutor.invokeExecute(DriverCommandExecutor.java:196)\n\tat org.openqa.selenium.remote.service.DriverCommandExecutor.execute(DriverCommandExecutor.java:171)\n\tat org.openqa.selenium.remote.RemoteWebDriver.execute(RemoteWebDriver.java:518)\n\tat org.openqa.selenium.remote.ElementLocation$ElementFinder$2.findElement(ElementLocation.java:165)\n\tat org.openqa.selenium.remote.ElementLocation.findElement(ElementLocation.java:59)\n\tat org.openqa.selenium.remote.RemoteWebDriver.findElement(RemoteWebDriver.java:355)\n\tat org.openqa.selenium.remote.RemoteWebDriver.findElement(RemoteWebDriver.java:349)\n\tat org.openqa.selenium.support.ui.ExpectedConditions$6.apply(ExpectedConditions.java:171)\n\tat org.openqa.selenium.support.ui.ExpectedConditions$6.apply(ExpectedConditions.java:168)\n\tat org.openqa.selenium.support.ui.FluentWait.until(FluentWait.java:205)\n\tat PageObject.SendMessageModal.clickOnElement(SendMessageModal.java:56)\n\tat StepDefinitions.MessageSteps.send_message(MessageSteps.java:31)\n\tat âœ½.I click on the \"ScroolDown\" button(file:///home/david/Desktop/Tesvan_Project/TesvanProject/src/test/features/Contacts.feature:17)\n",
    "steps" : [ {
      "name" : "Given  Home page is open",
      "time" : {
        "start" : 1694279489411,
        "stop" : 1694279506251,
        "duration" : 16840
      },
      "status" : "passed",
      "steps" : [ ],
      "attachments" : [ ],
      "parameters" : [ ],
      "stepsCount" : 0,
      "attachmentsCount" : 0,
      "shouldDisplayMessage" : false,
      "hasContent" : false
    }, {
      "name" : "Given  The modal is closed",
      "time" : {
        "start" : 1694279506255,
        "stop" : 1694279507523,
        "duration" : 1268
      },
      "status" : "passed",
      "steps" : [ ],
      "attachments" : [ ],
      "parameters" : [ ],
      "stepsCount" : 0,
      "attachmentsCount" : 0,
      "shouldDisplayMessage" : false,
      "hasContent" : false
    }, {
      "name" : "And  I click on the \"Contacts\" button",
      "time" : {
        "start" : 1694279507524,
        "stop" : 1694279507872,
        "duration" : 348
      },
      "status" : "passed",
      "steps" : [ ],
      "attachments" : [ ],
      "parameters" : [ ],
      "stepsCount" : 0,
      "attachmentsCount" : 0,
      "shouldDisplayMessage" : false,
      "hasContent" : false
    }, {
      "name" : "And  I click on the \"ScroolDown\" button",
      "time" : {
        "start" : 1694279507873,
        "stop" : 1694279507904,
        "duration" : 31
      },
      "status" : "broken",
      "statusMessage" : "Given css selector expression \"//div[contains(@class, 'HeaderContent_scrollIcon__')]\" is invalid: InvalidSelectorError: Document.querySelector: '//div[contains(@class, 'HeaderContent_scrollIcon__')]' is not a valid selector: \"//div[contains(@class, 'HeaderContent_scrollIcon__')]\"\nFor documentation on this error, please visit: https://www.selenium.dev/documentation/webdriver/troubleshooting/errors#invalid-selector-exception\nBuild info: version: '4.11.0', revision: '040bc5406b'\nSystem info: os.name: 'Linux', os.arch: 'amd64', os.version: '5.15.0-83-generic', java.version: '11.0.20.1'\nDriver info: org.openqa.selenium.firefox.FirefoxDriver\nCommand: [9fe15459-4d0a-4eaa-8964-3cc7d157cda4, findElement {using=css selector, value=//div[contains(@class, 'HeaderContent_scrollIcon__')]}]\nCapabilities {acceptInsecureCerts: true, browserName: firefox, browserVersion: 117.0, moz:accessibilityChecks: false, moz:buildID: 20230824132758, moz:debuggerAddress: 127.0.0.1:20999, moz:geckodriverVersion: 0.33.0, moz:headless: false, moz:platformVersion: 5.15.0-83-generic, moz:processID: 60602, moz:profile: /tmp/rust_mozprofileQPbTMZ, moz:shutdownTimeout: 60000, moz:webdriverClick: true, moz:windowless: false, pageLoadStrategy: normal, platformName: linux, proxy: Proxy(), se:cdp: ws://127.0.0.1:20999/devtoo..., se:cdpVersion: 85.0, setWindowRect: true, strictFileInteractability: false, timeouts: {implicit: 0, pageLoad: 300000, script: 30000}, unhandledPromptBehavior: dismiss and notify}\nSession ID: 9fe15459-4d0a-4eaa-8964-3cc7d157cda4",
      "statusTrace" : "org.openqa.selenium.InvalidSelectorException: Given css selector expression \"//div[contains(@class, 'HeaderContent_scrollIcon__')]\" is invalid: InvalidSelectorError: Document.querySelector: '//div[contains(@class, 'HeaderContent_scrollIcon__')]' is not a valid selector: \"//div[contains(@class, 'HeaderContent_scrollIcon__')]\"\nFor documentation on this error, please visit: https://www.selenium.dev/documentation/webdriver/troubleshooting/errors#invalid-selector-exception\nBuild info: version: '4.11.0', revision: '040bc5406b'\nSystem info: os.name: 'Linux', os.arch: 'amd64', os.version: '5.15.0-83-generic', java.version: '11.0.20.1'\nDriver info: org.openqa.selenium.firefox.FirefoxDriver\nCommand: [9fe15459-4d0a-4eaa-8964-3cc7d157cda4, findElement {using=css selector, value=//div[contains(@class, 'HeaderContent_scrollIcon__')]}]\nCapabilities {acceptInsecureCerts: true, browserName: firefox, browserVersion: 117.0, moz:accessibilityChecks: false, moz:buildID: 20230824132758, moz:debuggerAddress: 127.0.0.1:20999, moz:geckodriverVersion: 0.33.0, moz:headless: false, moz:platformVersion: 5.15.0-83-generic, moz:processID: 60602, moz:profile: /tmp/rust_mozprofileQPbTMZ, moz:shutdownTimeout: 60000, moz:webdriverClick: true, moz:windowless: false, pageLoadStrategy: normal, platformName: linux, proxy: Proxy(), se:cdp: ws://127.0.0.1:20999/devtoo..., se:cdpVersion: 85.0, setWindowRect: true, strictFileInteractability: false, timeouts: {implicit: 0, pageLoad: 300000, script: 30000}, unhandledPromptBehavior: dismiss and notify}\nSession ID: 9fe15459-4d0a-4eaa-8964-3cc7d157cda4\n\tat java.base/jdk.internal.reflect.NativeConstructorAccessorImpl.newInstance0(Native Method)\n\tat java.base/jdk.internal.reflect.NativeConstructorAccessorImpl.newInstance(NativeConstructorAccessorImpl.java:62)\n\tat java.base/jdk.internal.reflect.DelegatingConstructorAccessorImpl.newInstance(DelegatingConstructorAccessorImpl.java:45)\n\tat java.base/java.lang.reflect.Constructor.newInstance(Constructor.java:490)\n\tat org.openqa.selenium.remote.codec.w3c.W3CHttpResponseCodec.createException(W3CHttpResponseCodec.java:200)\n\tat org.openqa.selenium.remote.codec.w3c.W3CHttpResponseCodec.decode(W3CHttpResponseCodec.java:133)\n\tat org.openqa.selenium.remote.codec.w3c.W3CHttpResponseCodec.decode(W3CHttpResponseCodec.java:52)\n\tat org.openqa.selenium.remote.HttpCommandExecutor.execute(HttpCommandExecutor.java:191)\n\tat org.openqa.selenium.remote.service.DriverCommandExecutor.invokeExecute(DriverCommandExecutor.java:196)\n\tat org.openqa.selenium.remote.service.DriverCommandExecutor.execute(DriverCommandExecutor.java:171)\n\tat org.openqa.selenium.remote.RemoteWebDriver.execute(RemoteWebDriver.java:518)\n\tat org.openqa.selenium.remote.ElementLocation$ElementFinder$2.findElement(ElementLocation.java:165)\n\tat org.openqa.selenium.remote.ElementLocation.findElement(ElementLocation.java:59)\n\tat org.openqa.selenium.remote.RemoteWebDriver.findElement(RemoteWebDriver.java:355)\n\tat org.openqa.selenium.remote.RemoteWebDriver.findElement(RemoteWebDriver.java:349)\n\tat org.openqa.selenium.support.ui.ExpectedConditions$6.apply(ExpectedConditions.java:171)\n\tat org.openqa.selenium.support.ui.ExpectedConditions$6.apply(ExpectedConditions.java:168)\n\tat org.openqa.selenium.support.ui.FluentWait.until(FluentWait.java:205)\n\tat PageObject.SendMessageModal.clickOnElement(SendMessageModal.java:56)\n\tat StepDefinitions.MessageSteps.send_message(MessageSteps.java:31)\n\tat âœ½.I click on the \"ScroolDown\" button(file:///home/david/Desktop/Tesvan_Project/TesvanProject/src/test/features/Contacts.feature:17)\n",
      "steps" : [ ],
      "attachments" : [ ],
      "parameters" : [ ],
      "stepsCount" : 0,
      "attachmentsCount" : 0,
      "shouldDisplayMessage" : true,
      "hasContent" : true
    }, {
      "name" : "When  I click on the \"Linkedin\" button",
      "time" : {
        "start" : 1694279507910,
        "stop" : 1694279507911,
        "duration" : 1
      },
      "status" : "skipped",
      "steps" : [ ],
      "attachments" : [ ],
      "parameters" : [ ],
      "stepsCount" : 0,
      "attachmentsCount" : 0,
      "shouldDisplayMessage" : false,
      "hasContent" : false
    }, {
      "name" : "Then  I should be navigate on \"https://www.linkedin.com/company/tesvan\" page",
      "time" : {
        "start" : 1694279507917,
        "stop" : 1694279507921,
        "duration" : 4
      },
      "status" : "skipped",
      "steps" : [ ],
      "attachments" : [ ],
      "parameters" : [ ],
      "stepsCount" : 0,
      "attachmentsCount" : 0,
      "shouldDisplayMessage" : false,
      "hasContent" : false
    } ],
    "attachments" : [ ],
    "parameters" : [ ],
    "stepsCount" : 6,
    "attachmentsCount" : 0,
    "shouldDisplayMessage" : false,
    "hasContent" : true
  },
  "afterStages" : [ {
    "name" : "StepDefinitions.Hooks.teardown()",
    "time" : {
      "start" : 1694279507923,
      "stop" : 1694279509592,
      "duration" : 1669
    },
    "status" : "passed",
    "steps" : [ ],
    "attachments" : [ ],
    "parameters" : [ ],
    "stepsCount" : 0,
    "attachmentsCount" : 0,
    "shouldDisplayMessage" : false,
    "hasContent" : false
  } ],
  "labels" : [ {
    "name" : "tag",
    "value" : "test"
  }, {
    "name" : "host",
    "value" : "david"
  }, {
    "name" : "thread",
    "value" : "60116@david.main(1)"
  }, {
    "name" : "feature",
    "value" : "As A user I want to send message and navigate to social media pages"
  }, {
    "name" : "story",
    "value" : "Verify Social Media Navigation from Contact"
  }, {
    "name" : "suite",
    "value" : "As A user I want to send message and navigate to social media pages"
  }, {
    "name" : "testClass",
    "value" : "Verify Social Media Navigation from Contact"
  }, {
    "name" : "framework",
    "value" : "cucumber4jvm"
  }, {
    "name" : "language",
    "value" : "java"
  }, {
    "name" : "gherkin_uri",
    "value" : "file:///home/david/Desktop/Tesvan_Project/TesvanProject/src/test/features/Contacts.feature"
  }, {
    "name" : "package",
    "value" : "src.test.features.Contacts_feature.As A user I want to send message and navigate to social media pages"
  }, {
    "name" : "resultFormat",
    "value" : "allure2"
  } ],
  "parameters" : [ {
    "name" : "expected_url",
    "value" : "https://www.linkedin.com/company/tesvan"
  }, {
    "name" : "social_media",
    "value" : "Linkedin"
  } ],
  "links" : [ ],
  "hidden" : true,
  "retry" : true,
  "extra" : {
    "categories" : [ ],
    "tags" : [ "test" ]
  },
  "source" : "5731bd51af1008be.json",
  "parameterValues" : [ "https://www.linkedin.com/company/tesvan", "Linkedin" ]
}