{
  "uid" : "a0aa0cb72e704248",
  "name" : "Send a message with valid data",
  "fullName" : "src/test/features/Contacts.feature:13",
  "historyId" : "882e5a0f8329582bf310c653248ddda8",
  "time" : {
    "start" : 1694202652194,
    "stop" : 1694202681201,
    "duration" : 29007
  },
  "status" : "broken",
  "statusMessage" : "Unable to locate element: /html[1]/body[1]/div[1]/div[7]/div[1]/div[1]/button[1]\nFor documentation on this error, please visit: https://www.selenium.dev/documentation/webdriver/troubleshooting/errors#no-such-element-exception\nBuild info: version: '4.11.0', revision: '040bc5406b'\nSystem info: os.name: 'Linux', os.arch: 'amd64', os.version: '5.15.0-83-generic', java.version: '11.0.20.1'\nDriver info: org.openqa.selenium.firefox.FirefoxDriver\nCommand: [06868976-09c3-4101-99a9-425177cd5306, findElement {using=xpath, value=/html[1]/body[1]/div[1]/div[7]/div[1]/div[1]/button[1]}]\nCapabilities {acceptInsecureCerts: true, browserName: firefox, browserVersion: 117.0, moz:accessibilityChecks: false, moz:buildID: 20230824132758, moz:debuggerAddress: 127.0.0.1:7197, moz:geckodriverVersion: 0.33.0, moz:headless: false, moz:platformVersion: 5.15.0-83-generic, moz:processID: 73309, moz:profile: /tmp/rust_mozprofileIuRi6u, moz:shutdownTimeout: 60000, moz:webdriverClick: true, moz:windowless: false, pageLoadStrategy: normal, platformName: linux, proxy: Proxy(), se:cdp: ws://127.0.0.1:7197/devtool..., se:cdpVersion: 85.0, setWindowRect: true, strictFileInteractability: false, timeouts: {implicit: 0, pageLoad: 300000, script: 30000}, unhandledPromptBehavior: dismiss and notify}\nSession ID: 06868976-09c3-4101-99a9-425177cd5306",
  "statusTrace" : "org.openqa.selenium.NoSuchElementException: Unable to locate element: /html[1]/body[1]/div[1]/div[7]/div[1]/div[1]/button[1]\nFor documentation on this error, please visit: https://www.selenium.dev/documentation/webdriver/troubleshooting/errors#no-such-element-exception\nBuild info: version: '4.11.0', revision: '040bc5406b'\nSystem info: os.name: 'Linux', os.arch: 'amd64', os.version: '5.15.0-83-generic', java.version: '11.0.20.1'\nDriver info: org.openqa.selenium.firefox.FirefoxDriver\nCommand: [06868976-09c3-4101-99a9-425177cd5306, findElement {using=xpath, value=/html[1]/body[1]/div[1]/div[7]/div[1]/div[1]/button[1]}]\nCapabilities {acceptInsecureCerts: true, browserName: firefox, browserVersion: 117.0, moz:accessibilityChecks: false, moz:buildID: 20230824132758, moz:debuggerAddress: 127.0.0.1:7197, moz:geckodriverVersion: 0.33.0, moz:headless: false, moz:platformVersion: 5.15.0-83-generic, moz:processID: 73309, moz:profile: /tmp/rust_mozprofileIuRi6u, moz:shutdownTimeout: 60000, moz:webdriverClick: true, moz:windowless: false, pageLoadStrategy: normal, platformName: linux, proxy: Proxy(), se:cdp: ws://127.0.0.1:7197/devtool..., se:cdpVersion: 85.0, setWindowRect: true, strictFileInteractability: false, timeouts: {implicit: 0, pageLoad: 300000, script: 30000}, unhandledPromptBehavior: dismiss and notify}\nSession ID: 06868976-09c3-4101-99a9-425177cd5306\n\tat java.base/jdk.internal.reflect.NativeConstructorAccessorImpl.newInstance0(Native Method)\n\tat java.base/jdk.internal.reflect.NativeConstructorAccessorImpl.newInstance(NativeConstructorAccessorImpl.java:62)\n\tat java.base/jdk.internal.reflect.DelegatingConstructorAccessorImpl.newInstance(DelegatingConstructorAccessorImpl.java:45)\n\tat java.base/java.lang.reflect.Constructor.newInstance(Constructor.java:490)\n\tat org.openqa.selenium.remote.codec.w3c.W3CHttpResponseCodec.createException(W3CHttpResponseCodec.java:200)\n\tat org.openqa.selenium.remote.codec.w3c.W3CHttpResponseCodec.decode(W3CHttpResponseCodec.java:133)\n\tat org.openqa.selenium.remote.codec.w3c.W3CHttpResponseCodec.decode(W3CHttpResponseCodec.java:52)\n\tat org.openqa.selenium.remote.HttpCommandExecutor.execute(HttpCommandExecutor.java:191)\n\tat org.openqa.selenium.remote.service.DriverCommandExecutor.invokeExecute(DriverCommandExecutor.java:196)\n\tat org.openqa.selenium.remote.service.DriverCommandExecutor.execute(DriverCommandExecutor.java:171)\n\tat org.openqa.selenium.remote.RemoteWebDriver.execute(RemoteWebDriver.java:518)\n\tat org.openqa.selenium.remote.ElementLocation$ElementFinder$2.findElement(ElementLocation.java:165)\n\tat org.openqa.selenium.remote.ElementLocation.findElement(ElementLocation.java:59)\n\tat org.openqa.selenium.remote.RemoteWebDriver.findElement(RemoteWebDriver.java:355)\n\tat org.openqa.selenium.remote.RemoteWebDriver.findElement(RemoteWebDriver.java:349)\n\tat StepDefinitions.ContactsSteps.scrool_down_page(ContactsSteps.java:21)\n\tat ✽.I scrool down page(file:///home/david/Desktop/Tesvan_Project/TesvanProject/src/test/features/Contacts.feature:16)\n",
  "flaky" : false,
  "newFailed" : false,
  "newBroken" : false,
  "newPassed" : false,
  "retriesCount" : 0,
  "retriesStatusChange" : false,
  "beforeStages" : [ {
    "name" : "StepDefinitions.Hooks.initDriver()",
    "time" : {
      "start" : 1694202652199,
      "stop" : 1694202656897,
      "duration" : 4698
    },
    "status" : "passed",
    "steps" : [ ],
    "attachments" : [ ],
    "parameters" : [ ],
    "stepsCount" : 0,
    "attachmentsCount" : 0,
    "shouldDisplayMessage" : false,
    "hasContent" : false
  } ],
  "testStage" : {
    "status" : "broken",
    "statusMessage" : "Unable to locate element: /html[1]/body[1]/div[1]/div[7]/div[1]/div[1]/button[1]\nFor documentation on this error, please visit: https://www.selenium.dev/documentation/webdriver/troubleshooting/errors#no-such-element-exception\nBuild info: version: '4.11.0', revision: '040bc5406b'\nSystem info: os.name: 'Linux', os.arch: 'amd64', os.version: '5.15.0-83-generic', java.version: '11.0.20.1'\nDriver info: org.openqa.selenium.firefox.FirefoxDriver\nCommand: [06868976-09c3-4101-99a9-425177cd5306, findElement {using=xpath, value=/html[1]/body[1]/div[1]/div[7]/div[1]/div[1]/button[1]}]\nCapabilities {acceptInsecureCerts: true, browserName: firefox, browserVersion: 117.0, moz:accessibilityChecks: false, moz:buildID: 20230824132758, moz:debuggerAddress: 127.0.0.1:7197, moz:geckodriverVersion: 0.33.0, moz:headless: false, moz:platformVersion: 5.15.0-83-generic, moz:processID: 73309, moz:profile: /tmp/rust_mozprofileIuRi6u, moz:shutdownTimeout: 60000, moz:webdriverClick: true, moz:windowless: false, pageLoadStrategy: normal, platformName: linux, proxy: Proxy(), se:cdp: ws://127.0.0.1:7197/devtool..., se:cdpVersion: 85.0, setWindowRect: true, strictFileInteractability: false, timeouts: {implicit: 0, pageLoad: 300000, script: 30000}, unhandledPromptBehavior: dismiss and notify}\nSession ID: 06868976-09c3-4101-99a9-425177cd5306",
    "statusTrace" : "org.openqa.selenium.NoSuchElementException: Unable to locate element: /html[1]/body[1]/div[1]/div[7]/div[1]/div[1]/button[1]\nFor documentation on this error, please visit: https://www.selenium.dev/documentation/webdriver/troubleshooting/errors#no-such-element-exception\nBuild info: version: '4.11.0', revision: '040bc5406b'\nSystem info: os.name: 'Linux', os.arch: 'amd64', os.version: '5.15.0-83-generic', java.version: '11.0.20.1'\nDriver info: org.openqa.selenium.firefox.FirefoxDriver\nCommand: [06868976-09c3-4101-99a9-425177cd5306, findElement {using=xpath, value=/html[1]/body[1]/div[1]/div[7]/div[1]/div[1]/button[1]}]\nCapabilities {acceptInsecureCerts: true, browserName: firefox, browserVersion: 117.0, moz:accessibilityChecks: false, moz:buildID: 20230824132758, moz:debuggerAddress: 127.0.0.1:7197, moz:geckodriverVersion: 0.33.0, moz:headless: false, moz:platformVersion: 5.15.0-83-generic, moz:processID: 73309, moz:profile: /tmp/rust_mozprofileIuRi6u, moz:shutdownTimeout: 60000, moz:webdriverClick: true, moz:windowless: false, pageLoadStrategy: normal, platformName: linux, proxy: Proxy(), se:cdp: ws://127.0.0.1:7197/devtool..., se:cdpVersion: 85.0, setWindowRect: true, strictFileInteractability: false, timeouts: {implicit: 0, pageLoad: 300000, script: 30000}, unhandledPromptBehavior: dismiss and notify}\nSession ID: 06868976-09c3-4101-99a9-425177cd5306\n\tat java.base/jdk.internal.reflect.NativeConstructorAccessorImpl.newInstance0(Native Method)\n\tat java.base/jdk.internal.reflect.NativeConstructorAccessorImpl.newInstance(NativeConstructorAccessorImpl.java:62)\n\tat java.base/jdk.internal.reflect.DelegatingConstructorAccessorImpl.newInstance(DelegatingConstructorAccessorImpl.java:45)\n\tat java.base/java.lang.reflect.Constructor.newInstance(Constructor.java:490)\n\tat org.openqa.selenium.remote.codec.w3c.W3CHttpResponseCodec.createException(W3CHttpResponseCodec.java:200)\n\tat org.openqa.selenium.remote.codec.w3c.W3CHttpResponseCodec.decode(W3CHttpResponseCodec.java:133)\n\tat org.openqa.selenium.remote.codec.w3c.W3CHttpResponseCodec.decode(W3CHttpResponseCodec.java:52)\n\tat org.openqa.selenium.remote.HttpCommandExecutor.execute(HttpCommandExecutor.java:191)\n\tat org.openqa.selenium.remote.service.DriverCommandExecutor.invokeExecute(DriverCommandExecutor.java:196)\n\tat org.openqa.selenium.remote.service.DriverCommandExecutor.execute(DriverCommandExecutor.java:171)\n\tat org.openqa.selenium.remote.RemoteWebDriver.execute(RemoteWebDriver.java:518)\n\tat org.openqa.selenium.remote.ElementLocation$ElementFinder$2.findElement(ElementLocation.java:165)\n\tat org.openqa.selenium.remote.ElementLocation.findElement(ElementLocation.java:59)\n\tat org.openqa.selenium.remote.RemoteWebDriver.findElement(RemoteWebDriver.java:355)\n\tat org.openqa.selenium.remote.RemoteWebDriver.findElement(RemoteWebDriver.java:349)\n\tat StepDefinitions.ContactsSteps.scrool_down_page(ContactsSteps.java:21)\n\tat ✽.I scrool down page(file:///home/david/Desktop/Tesvan_Project/TesvanProject/src/test/features/Contacts.feature:16)\n",
    "steps" : [ {
      "name" : "Given  Home page is open",
      "time" : {
        "start" : 1694202656899,
        "stop" : 1694202673417,
        "duration" : 16518
      },
      "status" : "passed",
      "steps" : [ ],
      "attachments" : [ ],
      "parameters" : [ ],
      "stepsCount" : 0,
      "attachmentsCount" : 0,
      "shouldDisplayMessage" : false,
      "hasContent" : false
    }, {
      "name" : "Given  The modal is closed",
      "time" : {
        "start" : 1694202673423,
        "stop" : 1694202674635,
        "duration" : 1212
      },
      "status" : "passed",
      "steps" : [ ],
      "attachments" : [ ],
      "parameters" : [ ],
      "stepsCount" : 0,
      "attachmentsCount" : 0,
      "shouldDisplayMessage" : false,
      "hasContent" : false
    }, {
      "name" : "When  I click on the \"Contacts\" button",
      "time" : {
        "start" : 1694202674638,
        "stop" : 1694202675011,
        "duration" : 373
      },
      "status" : "passed",
      "steps" : [ ],
      "attachments" : [ ],
      "parameters" : [ ],
      "stepsCount" : 0,
      "attachmentsCount" : 0,
      "shouldDisplayMessage" : false,
      "hasContent" : false
    }, {
      "name" : "When  I scrool down page",
      "time" : {
        "start" : 1694202675013,
        "stop" : 1694202680062,
        "duration" : 5049
      },
      "status" : "broken",
      "statusMessage" : "Unable to locate element: /html[1]/body[1]/div[1]/div[7]/div[1]/div[1]/button[1]\nFor documentation on this error, please visit: https://www.selenium.dev/documentation/webdriver/troubleshooting/errors#no-such-element-exception\nBuild info: version: '4.11.0', revision: '040bc5406b'\nSystem info: os.name: 'Linux', os.arch: 'amd64', os.version: '5.15.0-83-generic', java.version: '11.0.20.1'\nDriver info: org.openqa.selenium.firefox.FirefoxDriver\nCommand: [06868976-09c3-4101-99a9-425177cd5306, findElement {using=xpath, value=/html[1]/body[1]/div[1]/div[7]/div[1]/div[1]/button[1]}]\nCapabilities {acceptInsecureCerts: true, browserName: firefox, browserVersion: 117.0, moz:accessibilityChecks: false, moz:buildID: 20230824132758, moz:debuggerAddress: 127.0.0.1:7197, moz:geckodriverVersion: 0.33.0, moz:headless: false, moz:platformVersion: 5.15.0-83-generic, moz:processID: 73309, moz:profile: /tmp/rust_mozprofileIuRi6u, moz:shutdownTimeout: 60000, moz:webdriverClick: true, moz:windowless: false, pageLoadStrategy: normal, platformName: linux, proxy: Proxy(), se:cdp: ws://127.0.0.1:7197/devtool..., se:cdpVersion: 85.0, setWindowRect: true, strictFileInteractability: false, timeouts: {implicit: 0, pageLoad: 300000, script: 30000}, unhandledPromptBehavior: dismiss and notify}\nSession ID: 06868976-09c3-4101-99a9-425177cd5306",
      "statusTrace" : "org.openqa.selenium.NoSuchElementException: Unable to locate element: /html[1]/body[1]/div[1]/div[7]/div[1]/div[1]/button[1]\nFor documentation on this error, please visit: https://www.selenium.dev/documentation/webdriver/troubleshooting/errors#no-such-element-exception\nBuild info: version: '4.11.0', revision: '040bc5406b'\nSystem info: os.name: 'Linux', os.arch: 'amd64', os.version: '5.15.0-83-generic', java.version: '11.0.20.1'\nDriver info: org.openqa.selenium.firefox.FirefoxDriver\nCommand: [06868976-09c3-4101-99a9-425177cd5306, findElement {using=xpath, value=/html[1]/body[1]/div[1]/div[7]/div[1]/div[1]/button[1]}]\nCapabilities {acceptInsecureCerts: true, browserName: firefox, browserVersion: 117.0, moz:accessibilityChecks: false, moz:buildID: 20230824132758, moz:debuggerAddress: 127.0.0.1:7197, moz:geckodriverVersion: 0.33.0, moz:headless: false, moz:platformVersion: 5.15.0-83-generic, moz:processID: 73309, moz:profile: /tmp/rust_mozprofileIuRi6u, moz:shutdownTimeout: 60000, moz:webdriverClick: true, moz:windowless: false, pageLoadStrategy: normal, platformName: linux, proxy: Proxy(), se:cdp: ws://127.0.0.1:7197/devtool..., se:cdpVersion: 85.0, setWindowRect: true, strictFileInteractability: false, timeouts: {implicit: 0, pageLoad: 300000, script: 30000}, unhandledPromptBehavior: dismiss and notify}\nSession ID: 06868976-09c3-4101-99a9-425177cd5306\n\tat java.base/jdk.internal.reflect.NativeConstructorAccessorImpl.newInstance0(Native Method)\n\tat java.base/jdk.internal.reflect.NativeConstructorAccessorImpl.newInstance(NativeConstructorAccessorImpl.java:62)\n\tat java.base/jdk.internal.reflect.DelegatingConstructorAccessorImpl.newInstance(DelegatingConstructorAccessorImpl.java:45)\n\tat java.base/java.lang.reflect.Constructor.newInstance(Constructor.java:490)\n\tat org.openqa.selenium.remote.codec.w3c.W3CHttpResponseCodec.createException(W3CHttpResponseCodec.java:200)\n\tat org.openqa.selenium.remote.codec.w3c.W3CHttpResponseCodec.decode(W3CHttpResponseCodec.java:133)\n\tat org.openqa.selenium.remote.codec.w3c.W3CHttpResponseCodec.decode(W3CHttpResponseCodec.java:52)\n\tat org.openqa.selenium.remote.HttpCommandExecutor.execute(HttpCommandExecutor.java:191)\n\tat org.openqa.selenium.remote.service.DriverCommandExecutor.invokeExecute(DriverCommandExecutor.java:196)\n\tat org.openqa.selenium.remote.service.DriverCommandExecutor.execute(DriverCommandExecutor.java:171)\n\tat org.openqa.selenium.remote.RemoteWebDriver.execute(RemoteWebDriver.java:518)\n\tat org.openqa.selenium.remote.ElementLocation$ElementFinder$2.findElement(ElementLocation.java:165)\n\tat org.openqa.selenium.remote.ElementLocation.findElement(ElementLocation.java:59)\n\tat org.openqa.selenium.remote.RemoteWebDriver.findElement(RemoteWebDriver.java:355)\n\tat org.openqa.selenium.remote.RemoteWebDriver.findElement(RemoteWebDriver.java:349)\n\tat StepDefinitions.ContactsSteps.scrool_down_page(ContactsSteps.java:21)\n\tat ✽.I scrool down page(file:///home/david/Desktop/Tesvan_Project/TesvanProject/src/test/features/Contacts.feature:16)\n",
      "steps" : [ ],
      "attachments" : [ ],
      "parameters" : [ ],
      "stepsCount" : 0,
      "attachmentsCount" : 0,
      "shouldDisplayMessage" : true,
      "hasContent" : true
    }, {
      "name" : "When  I fill in \"Full_Name\" field with \"nameTest\" value",
      "time" : {
        "start" : 1694202680063,
        "stop" : 1694202680064,
        "duration" : 1
      },
      "status" : "skipped",
      "steps" : [ ],
      "attachments" : [ ],
      "parameters" : [ ],
      "stepsCount" : 0,
      "attachmentsCount" : 0,
      "shouldDisplayMessage" : false,
      "hasContent" : false
    }, {
      "name" : "When  I fill in \"Email\" field with \"email@test.com\" value",
      "time" : {
        "start" : 1694202680065,
        "stop" : 1694202680066,
        "duration" : 1
      },
      "status" : "skipped",
      "steps" : [ ],
      "attachments" : [ ],
      "parameters" : [ ],
      "stepsCount" : 0,
      "attachmentsCount" : 0,
      "shouldDisplayMessage" : false,
      "hasContent" : false
    }, {
      "name" : "When  I fill in \"Phone\" field with \"123456789\" value",
      "time" : {
        "start" : 1694202680067,
        "stop" : 1694202680067,
        "duration" : 0
      },
      "status" : "skipped",
      "steps" : [ ],
      "attachments" : [ ],
      "parameters" : [ ],
      "stepsCount" : 0,
      "attachmentsCount" : 0,
      "shouldDisplayMessage" : false,
      "hasContent" : false
    }, {
      "name" : "When  I fill in \"Company\" field with \"testCompany\" value",
      "time" : {
        "start" : 1694202680067,
        "stop" : 1694202680068,
        "duration" : 1
      },
      "status" : "skipped",
      "steps" : [ ],
      "attachments" : [ ],
      "parameters" : [ ],
      "stepsCount" : 0,
      "attachmentsCount" : 0,
      "shouldDisplayMessage" : false,
      "hasContent" : false
    }, {
      "name" : "When  I fill in \"Description\" field with \"testingtestingtestingtesting\" value",
      "time" : {
        "start" : 1694202680070,
        "stop" : 1694202680071,
        "duration" : 1
      },
      "status" : "skipped",
      "steps" : [ ],
      "attachments" : [ ],
      "parameters" : [ ],
      "stepsCount" : 0,
      "attachmentsCount" : 0,
      "shouldDisplayMessage" : false,
      "hasContent" : false
    }, {
      "name" : "When  I check the I agree to checkbox From Contacts",
      "time" : {
        "start" : 1694202680072,
        "stop" : 1694202680073,
        "duration" : 1
      },
      "status" : "skipped",
      "steps" : [ ],
      "attachments" : [ ],
      "parameters" : [ ],
      "stepsCount" : 0,
      "attachmentsCount" : 0,
      "shouldDisplayMessage" : false,
      "hasContent" : false
    }, {
      "name" : "When  I click on the \"Send_Message\" button",
      "time" : {
        "start" : 1694202680074,
        "stop" : 1694202680075,
        "duration" : 1
      },
      "status" : "skipped",
      "steps" : [ ],
      "attachments" : [ ],
      "parameters" : [ ],
      "stepsCount" : 0,
      "attachmentsCount" : 0,
      "shouldDisplayMessage" : false,
      "hasContent" : false
    }, {
      "name" : "Then  I should see the succsessfuly message \"Your message has been sent successfully.\" on Contacts page",
      "time" : {
        "start" : 1694202680079,
        "stop" : 1694202680081,
        "duration" : 2
      },
      "status" : "skipped",
      "steps" : [ ],
      "attachments" : [ ],
      "parameters" : [ ],
      "stepsCount" : 0,
      "attachmentsCount" : 0,
      "shouldDisplayMessage" : false,
      "hasContent" : false
    } ],
    "attachments" : [ ],
    "parameters" : [ ],
    "stepsCount" : 12,
    "attachmentsCount" : 0,
    "shouldDisplayMessage" : false,
    "hasContent" : true
  },
  "afterStages" : [ {
    "name" : "StepDefinitions.Hooks.teardown()",
    "time" : {
      "start" : 1694202680083,
      "stop" : 1694202681183,
      "duration" : 1100
    },
    "status" : "passed",
    "steps" : [ ],
    "attachments" : [ ],
    "parameters" : [ ],
    "stepsCount" : 0,
    "attachmentsCount" : 0,
    "shouldDisplayMessage" : false,
    "hasContent" : false
  } ],
  "labels" : [ {
    "name" : "tag",
    "value" : "test"
  }, {
    "name" : "host",
    "value" : "david"
  }, {
    "name" : "thread",
    "value" : "73265@david.main(1)"
  }, {
    "name" : "feature",
    "value" : "As A user I want to send message"
  }, {
    "name" : "story",
    "value" : "Send a message with valid data"
  }, {
    "name" : "suite",
    "value" : "As A user I want to send message"
  }, {
    "name" : "testClass",
    "value" : "Send a message with valid data"
  }, {
    "name" : "framework",
    "value" : "cucumber4jvm"
  }, {
    "name" : "language",
    "value" : "java"
  }, {
    "name" : "gherkin_uri",
    "value" : "file:///home/david/Desktop/Tesvan_Project/TesvanProject/src/test/features/Contacts.feature"
  }, {
    "name" : "package",
    "value" : "src.test.features.Contacts_feature.As A user I want to send message"
  }, {
    "name" : "resultFormat",
    "value" : "allure2"
  } ],
  "parameters" : [ ],
  "links" : [ ],
  "hidden" : true,
  "retry" : true,
  "extra" : {
    "categories" : [ ],
    "tags" : [ "test" ]
  },
  "source" : "a0aa0cb72e704248.json",
  "parameterValues" : [ ]
}