{
  "uid" : "fd80cf0a89dd1665",
  "name" : "Verify Social Media Navigation from Contact",
  "fullName" : "src/test/features/Contacts.feature:22",
  "historyId" : "4075bbcbb7d9d11522a4d988a62ca9ee",
  "time" : {
    "start" : 1694382769862,
    "stop" : 1694382774591,
    "duration" : 4729
  },
  "status" : "broken",
  "statusMessage" : "Unable to find element with locator By.xpath: /html[1]/body[1]/div[1]/div[2]/div[3]/div[3]/div[1]/div[1]/h1[1]/span[1]\nFor documentation on this error, please visit: https://www.selenium.dev/documentation/webdriver/troubleshooting/errors#no-such-element-exception\nBuild info: version: '4.11.0', revision: '040bc5406b'\nSystem info: os.name: 'Linux', os.arch: 'amd64', os.version: '5.15.0-83-generic', java.version: '11.0.20.1'\nDriver info: driver.version: RemoteWebDriver",
  "statusTrace" : "org.openqa.selenium.NoSuchElementException: Unable to find element with locator By.xpath: /html[1]/body[1]/div[1]/div[2]/div[3]/div[3]/div[1]/div[1]/h1[1]/span[1]\nFor documentation on this error, please visit: https://www.selenium.dev/documentation/webdriver/troubleshooting/errors#no-such-element-exception\nBuild info: version: '4.11.0', revision: '040bc5406b'\nSystem info: os.name: 'Linux', os.arch: 'amd64', os.version: '5.15.0-83-generic', java.version: '11.0.20.1'\nDriver info: driver.version: RemoteWebDriver\n\tat org.openqa.selenium.remote.ElementLocation$ElementFinder$2.findElement(ElementLocation.java:168)\n\tat org.openqa.selenium.remote.ElementLocation.findElement(ElementLocation.java:59)\n\tat org.openqa.selenium.remote.RemoteWebDriver.findElement(RemoteWebDriver.java:355)\n\tat org.openqa.selenium.remote.RemoteWebDriver.findElement(RemoteWebDriver.java:349)\n\tat PageObject.HomePage.homePageOpens(HomePage.java:29)\n\tat StepDefinitions.HomePageSteps.home_page_is_open(HomePageSteps.java:20)\n\tat ✽.Home page is open(file:///home/david/Desktop/Tesvan_Project/TesvanProject/src/test/features/Contacts.feature:6)\n",
  "flaky" : false,
  "newFailed" : false,
  "newBroken" : false,
  "newPassed" : false,
  "retriesCount" : 0,
  "retriesStatusChange" : false,
  "beforeStages" : [ {
    "name" : "StepDefinitions.Hooks.initDriver()",
    "time" : {
      "start" : 1694382769863,
      "stop" : 1694382770745,
      "duration" : 882
    },
    "status" : "passed",
    "steps" : [ ],
    "attachments" : [ ],
    "parameters" : [ ],
    "stepsCount" : 0,
    "attachmentsCount" : 0,
    "shouldDisplayMessage" : false,
    "hasContent" : false
  } ],
  "testStage" : {
    "status" : "broken",
    "statusMessage" : "Unable to find element with locator By.xpath: /html[1]/body[1]/div[1]/div[2]/div[3]/div[3]/div[1]/div[1]/h1[1]/span[1]\nFor documentation on this error, please visit: https://www.selenium.dev/documentation/webdriver/troubleshooting/errors#no-such-element-exception\nBuild info: version: '4.11.0', revision: '040bc5406b'\nSystem info: os.name: 'Linux', os.arch: 'amd64', os.version: '5.15.0-83-generic', java.version: '11.0.20.1'\nDriver info: driver.version: RemoteWebDriver",
    "statusTrace" : "org.openqa.selenium.NoSuchElementException: Unable to find element with locator By.xpath: /html[1]/body[1]/div[1]/div[2]/div[3]/div[3]/div[1]/div[1]/h1[1]/span[1]\nFor documentation on this error, please visit: https://www.selenium.dev/documentation/webdriver/troubleshooting/errors#no-such-element-exception\nBuild info: version: '4.11.0', revision: '040bc5406b'\nSystem info: os.name: 'Linux', os.arch: 'amd64', os.version: '5.15.0-83-generic', java.version: '11.0.20.1'\nDriver info: driver.version: RemoteWebDriver\n\tat org.openqa.selenium.remote.ElementLocation$ElementFinder$2.findElement(ElementLocation.java:168)\n\tat org.openqa.selenium.remote.ElementLocation.findElement(ElementLocation.java:59)\n\tat org.openqa.selenium.remote.RemoteWebDriver.findElement(RemoteWebDriver.java:355)\n\tat org.openqa.selenium.remote.RemoteWebDriver.findElement(RemoteWebDriver.java:349)\n\tat PageObject.HomePage.homePageOpens(HomePage.java:29)\n\tat StepDefinitions.HomePageSteps.home_page_is_open(HomePageSteps.java:20)\n\tat ✽.Home page is open(file:///home/david/Desktop/Tesvan_Project/TesvanProject/src/test/features/Contacts.feature:6)\n",
    "steps" : [ {
      "name" : "Given  Home page is open",
      "time" : {
        "start" : 1694382770746,
        "stop" : 1694382774555,
        "duration" : 3809
      },
      "status" : "broken",
      "statusMessage" : "Unable to find element with locator By.xpath: /html[1]/body[1]/div[1]/div[2]/div[3]/div[3]/div[1]/div[1]/h1[1]/span[1]\nFor documentation on this error, please visit: https://www.selenium.dev/documentation/webdriver/troubleshooting/errors#no-such-element-exception\nBuild info: version: '4.11.0', revision: '040bc5406b'\nSystem info: os.name: 'Linux', os.arch: 'amd64', os.version: '5.15.0-83-generic', java.version: '11.0.20.1'\nDriver info: driver.version: RemoteWebDriver",
      "statusTrace" : "org.openqa.selenium.NoSuchElementException: Unable to find element with locator By.xpath: /html[1]/body[1]/div[1]/div[2]/div[3]/div[3]/div[1]/div[1]/h1[1]/span[1]\nFor documentation on this error, please visit: https://www.selenium.dev/documentation/webdriver/troubleshooting/errors#no-such-element-exception\nBuild info: version: '4.11.0', revision: '040bc5406b'\nSystem info: os.name: 'Linux', os.arch: 'amd64', os.version: '5.15.0-83-generic', java.version: '11.0.20.1'\nDriver info: driver.version: RemoteWebDriver\n\tat org.openqa.selenium.remote.ElementLocation$ElementFinder$2.findElement(ElementLocation.java:168)\n\tat org.openqa.selenium.remote.ElementLocation.findElement(ElementLocation.java:59)\n\tat org.openqa.selenium.remote.RemoteWebDriver.findElement(RemoteWebDriver.java:355)\n\tat org.openqa.selenium.remote.RemoteWebDriver.findElement(RemoteWebDriver.java:349)\n\tat PageObject.HomePage.homePageOpens(HomePage.java:29)\n\tat StepDefinitions.HomePageSteps.home_page_is_open(HomePageSteps.java:20)\n\tat ✽.Home page is open(file:///home/david/Desktop/Tesvan_Project/TesvanProject/src/test/features/Contacts.feature:6)\n",
      "steps" : [ ],
      "attachments" : [ ],
      "parameters" : [ ],
      "stepsCount" : 0,
      "attachmentsCount" : 0,
      "shouldDisplayMessage" : true,
      "hasContent" : true
    }, {
      "name" : "Given  The modal is closed",
      "time" : {
        "start" : 1694382774556,
        "stop" : 1694382774557,
        "duration" : 1
      },
      "status" : "skipped",
      "steps" : [ ],
      "attachments" : [ ],
      "parameters" : [ ],
      "stepsCount" : 0,
      "attachmentsCount" : 0,
      "shouldDisplayMessage" : false,
      "hasContent" : false
    }, {
      "name" : "And  I click on the \"Contacts\" button",
      "time" : {
        "start" : 1694382774558,
        "stop" : 1694382774561,
        "duration" : 3
      },
      "status" : "skipped",
      "steps" : [ ],
      "attachments" : [ ],
      "parameters" : [ ],
      "stepsCount" : 0,
      "attachmentsCount" : 0,
      "shouldDisplayMessage" : false,
      "hasContent" : false
    }, {
      "name" : "And  I \"ScroolDown\" the page",
      "time" : {
        "start" : 1694382774563,
        "stop" : 1694382774565,
        "duration" : 2
      },
      "status" : "skipped",
      "steps" : [ ],
      "attachments" : [ ],
      "parameters" : [ ],
      "stepsCount" : 0,
      "attachmentsCount" : 0,
      "shouldDisplayMessage" : false,
      "hasContent" : false
    }, {
      "name" : "When  I click on the \"Facebook\" button",
      "time" : {
        "start" : 1694382774569,
        "stop" : 1694382774571,
        "duration" : 2
      },
      "status" : "skipped",
      "steps" : [ ],
      "attachments" : [ ],
      "parameters" : [ ],
      "stepsCount" : 0,
      "attachmentsCount" : 0,
      "shouldDisplayMessage" : false,
      "hasContent" : false
    }, {
      "name" : "Then  I should be navigate on \"https://www.facebook.com/tesvanllc\" page",
      "time" : {
        "start" : 1694382774572,
        "stop" : 1694382774576,
        "duration" : 4
      },
      "status" : "skipped",
      "steps" : [ ],
      "attachments" : [ ],
      "parameters" : [ ],
      "stepsCount" : 0,
      "attachmentsCount" : 0,
      "shouldDisplayMessage" : false,
      "hasContent" : false
    } ],
    "attachments" : [ ],
    "parameters" : [ ],
    "stepsCount" : 6,
    "attachmentsCount" : 0,
    "shouldDisplayMessage" : false,
    "hasContent" : true
  },
  "afterStages" : [ {
    "name" : "StepDefinitions.Hooks.teardown()",
    "time" : {
      "start" : 1694382774577,
      "stop" : 1694382774587,
      "duration" : 10
    },
    "status" : "broken",
    "statusMessage" : "AFTER is failed: disconnected: not connected to DevTools\n  (failed to check if window was closed: disconnected: not connected to DevTools)\n  (Session info: chrome=116.0.5845.179)\nBuild info: version: '4.11.0', revision: '040bc5406b'\nSystem info: os.name: 'Linux', os.arch: 'amd64', os.version: '5.15.0-83-generic', java.version: '11.0.20.1'\nDriver info: org.openqa.selenium.chrome.ChromeDriver\nCommand: [2462984da74fe9f18b996dc992266d53, close {}]\nCapabilities {acceptInsecureCerts: false, browserName: chrome, browserVersion: 116.0.5845.179, chrome: {chromedriverVersion: 116.0.5845.179 (17ff023f3eb..., userDataDir: /tmp/.org.chromium.Chromium...}, fedcm:accounts: true, goog:chromeOptions: {debuggerAddress: localhost:36197}, networkConnectionEnabled: false, pageLoadStrategy: normal, platformName: linux, proxy: Proxy(), se:cdp: ws://localhost:36197/devtoo..., se:cdpVersion: 116.0.5845.179, setWindowRect: true, strictFileInteractability: false, timeouts: {implicit: 0, pageLoad: 300000, script: 30000}, unhandledPromptBehavior: dismiss and notify, webauthn:extension:credBlob: true, webauthn:extension:largeBlob: true, webauthn:extension:minPinLength: true, webauthn:extension:prf: true, webauthn:virtualAuthenticators: true}\nSession ID: 2462984da74fe9f18b996dc992266d53",
    "statusTrace" : "org.openqa.selenium.WebDriverException: disconnected: not connected to DevTools\n  (failed to check if window was closed: disconnected: not connected to DevTools)\n  (Session info: chrome=116.0.5845.179)\nBuild info: version: '4.11.0', revision: '040bc5406b'\nSystem info: os.name: 'Linux', os.arch: 'amd64', os.version: '5.15.0-83-generic', java.version: '11.0.20.1'\nDriver info: org.openqa.selenium.chrome.ChromeDriver\nCommand: [2462984da74fe9f18b996dc992266d53, close {}]\nCapabilities {acceptInsecureCerts: false, browserName: chrome, browserVersion: 116.0.5845.179, chrome: {chromedriverVersion: 116.0.5845.179 (17ff023f3eb..., userDataDir: /tmp/.org.chromium.Chromium...}, fedcm:accounts: true, goog:chromeOptions: {debuggerAddress: localhost:36197}, networkConnectionEnabled: false, pageLoadStrategy: normal, platformName: linux, proxy: Proxy(), se:cdp: ws://localhost:36197/devtoo..., se:cdpVersion: 116.0.5845.179, setWindowRect: true, strictFileInteractability: false, timeouts: {implicit: 0, pageLoad: 300000, script: 30000}, unhandledPromptBehavior: dismiss and notify, webauthn:extension:credBlob: true, webauthn:extension:largeBlob: true, webauthn:extension:minPinLength: true, webauthn:extension:prf: true, webauthn:virtualAuthenticators: true}\nSession ID: 2462984da74fe9f18b996dc992266d53\n\tat java.base/jdk.internal.reflect.NativeConstructorAccessorImpl.newInstance0(Native Method)\n\tat java.base/jdk.internal.reflect.NativeConstructorAccessorImpl.newInstance(NativeConstructorAccessorImpl.java:62)\n\tat java.base/jdk.internal.reflect.DelegatingConstructorAccessorImpl.newInstance(DelegatingConstructorAccessorImpl.java:45)\n\tat java.base/java.lang.reflect.Constructor.newInstance(Constructor.java:490)\n\tat org.openqa.selenium.remote.codec.w3c.W3CHttpResponseCodec.createException(W3CHttpResponseCodec.java:200)\n\tat org.openqa.selenium.remote.codec.w3c.W3CHttpResponseCodec.decode(W3CHttpResponseCodec.java:133)\n\tat org.openqa.selenium.remote.codec.w3c.W3CHttpResponseCodec.decode(W3CHttpResponseCodec.java:52)\n\tat org.openqa.selenium.remote.HttpCommandExecutor.execute(HttpCommandExecutor.java:191)\n\tat org.openqa.selenium.remote.service.DriverCommandExecutor.invokeExecute(DriverCommandExecutor.java:196)\n\tat org.openqa.selenium.remote.service.DriverCommandExecutor.execute(DriverCommandExecutor.java:171)\n\tat org.openqa.selenium.remote.RemoteWebDriver.execute(RemoteWebDriver.java:518)\n\tat org.openqa.selenium.remote.RemoteWebDriver.execute(RemoteWebDriver.java:591)\n\tat org.openqa.selenium.remote.RemoteWebDriver.execute(RemoteWebDriver.java:595)\n\tat org.openqa.selenium.remote.RemoteWebDriver.close(RemoteWebDriver.java:405)\n\tat StepDefinitions.Hooks.teardown(Hooks.java:39)\n",
    "steps" : [ ],
    "attachments" : [ ],
    "parameters" : [ ],
    "stepsCount" : 0,
    "attachmentsCount" : 0,
    "shouldDisplayMessage" : true,
    "hasContent" : true
  } ],
  "labels" : [ {
    "name" : "tag",
    "value" : "test"
  }, {
    "name" : "host",
    "value" : "david"
  }, {
    "name" : "thread",
    "value" : "275451@david.main(1)"
  }, {
    "name" : "feature",
    "value" : "As A user I want to send message and navigate to social media pages"
  }, {
    "name" : "story",
    "value" : "Verify Social Media Navigation from Contact"
  }, {
    "name" : "suite",
    "value" : "As A user I want to send message and navigate to social media pages"
  }, {
    "name" : "testClass",
    "value" : "Verify Social Media Navigation from Contact"
  }, {
    "name" : "framework",
    "value" : "cucumber4jvm"
  }, {
    "name" : "language",
    "value" : "java"
  }, {
    "name" : "gherkin_uri",
    "value" : "file:///home/david/Desktop/Tesvan_Project/TesvanProject/src/test/features/Contacts.feature"
  }, {
    "name" : "package",
    "value" : "src.test.features.Contacts_feature.As A user I want to send message and navigate to social media pages"
  }, {
    "name" : "resultFormat",
    "value" : "allure2"
  } ],
  "parameters" : [ {
    "name" : "expected_url",
    "value" : "https://www.facebook.com/tesvanllc"
  }, {
    "name" : "social_media",
    "value" : "Facebook"
  } ],
  "links" : [ ],
  "hidden" : true,
  "retry" : true,
  "extra" : {
    "categories" : [ ],
    "tags" : [ "test" ]
  },
  "source" : "fd80cf0a89dd1665.json",
  "parameterValues" : [ "https://www.facebook.com/tesvanllc", "Facebook" ]
}